<?xml version="1.0" encoding="UTF-8"?>
<testsuite name="hello.jdbc.service.MemberServiceV5Test" tests="3" skipped="0" failures="0" errors="0" timestamp="2025-05-01T12:48:59.343Z" hostname="DESKTOP-P0T3GJ0" time="0.824">
  <properties/>
  <testcase name="AopCheck()" classname="hello.jdbc.service.MemberServiceV5Test" time="0.722"/>
  <testcase name="이체중 예외발생" classname="hello.jdbc.service.MemberServiceV5Test" time="0.084"/>
  <testcase name="정상 이체" classname="hello.jdbc.service.MemberServiceV5Test" time="0.014"/>
  <system-out><![CDATA[21:48:58.127 [Test worker] DEBUG o.s.b.t.c.SpringBootTestContextBootstrapper -- Neither @ContextConfiguration nor @ContextHierarchy found for test class [MemberServiceV5Test]: using SpringBootContextLoader
21:48:58.131 [Test worker] DEBUG o.s.t.c.s.AbstractContextLoader -- Could not detect default resource locations for test class [hello.jdbc.service.MemberServiceV5Test]: no resource found for suffixes {-context.xml, Context.groovy}.
21:48:58.148 [Test worker] DEBUG o.s.b.t.c.SpringBootTestContextBootstrapper -- Using ContextCustomizerFactory implementations for test class [MemberServiceV5Test]: [OnFailureConditionReportContextCustomizerFactory, OverrideAutoConfigurationContextCustomizerFactory, ObservabilityContextCustomizerFactory, TypeExcludeFiltersContextCustomizerFactory, PropertyMappingContextCustomizerFactory, WebDriverContextCustomizerFactory, ImportsContextCustomizerFactory, ExcludeFilterContextCustomizerFactory, HttpGraphQlTesterContextCustomizerFactory, DuplicateJsonObjectContextCustomizerFactory, MockitoContextCustomizerFactory, TestRestTemplateContextCustomizerFactory, WebTestClientContextCustomizerFactory, DisableReactorResourceFactoryGlobalResourcesContextCustomizerFactory, BeanOverrideContextCustomizerFactory, MockServerContainerContextCustomizerFactory, DynamicPropertiesContextCustomizerFactory]
21:48:58.167 [Test worker] DEBUG o.s.b.t.c.SpringBootTestContextBootstrapper -- Using ContextCustomizers for test class [MemberServiceV5Test]: [OnFailureConditionReportContextCustomizer, DisableObservabilityContextCustomizer, PropertyMappingContextCustomizer, WebDriverContextCustomizer, ExcludeFilterContextCustomizer, DuplicateJsonObjectContextCustomizer, MockitoContextCustomizer, TestRestTemplateContextCustomizer, DynamicPropertiesContextCustomizer]
21:48:58.246 [Test worker] DEBUG o.s.c.a.ClassPathScanningCandidateComponentProvider -- Identified candidate component class: file [C:\study\jdbc\build\classes\java\main\hello\jdbc\JdbcApplication.class]
21:48:58.247 [Test worker] INFO  o.s.b.t.c.SpringBootTestContextBootstrapper -- Found @SpringBootConfiguration hello.jdbc.JdbcApplication for test class hello.jdbc.service.MemberServiceV5Test
21:48:58.328 [Test worker] DEBUG o.s.t.c.u.TestContextSpringFactoriesUtils -- Skipping candidate TestExecutionListener [org.springframework.test.context.web.ServletTestExecutionListener] due to a missing dependency. Specify custom TestExecutionListener classes or make the default TestExecutionListener classes and their required dependencies available. Offending class: jakarta/servlet/ServletContext
21:48:58.331 [Test worker] DEBUG o.s.t.c.u.TestContextSpringFactoriesUtils -- Skipping candidate TestExecutionListener [org.springframework.test.context.observation.MicrometerObservationRegistryTestExecutionListener] due to a missing dependency. Specify custom TestExecutionListener classes or make the default TestExecutionListener classes and their required dependencies available. Offending class: io.micrometer.context.ThreadLocalAccessor. MicrometerObservationRegistryTestExecutionListener requires io.micrometer:micrometer-observation:1.10.8 or higher and io.micrometer:context-propagation:1.0.3 or higher.
21:48:58.339 [Test worker] DEBUG o.s.b.t.c.SpringBootTestContextBootstrapper -- Using TestExecutionListeners for test class [MemberServiceV5Test]: [DirtiesContextBeforeModesTestExecutionListener, ApplicationEventsTestExecutionListener, MockitoTestExecutionListener, BeanOverrideTestExecutionListener, DependencyInjectionTestExecutionListener, DirtiesContextTestExecutionListener, CommonCachesTestExecutionListener, TransactionalTestExecutionListener, SqlScriptsTestExecutionListener, EventPublishingTestExecutionListener, RestDocsTestExecutionListener, MockRestServiceServerResetTestExecutionListener, MockMvcPrintOnlyOnFailureTestExecutionListener, WebDriverTestExecutionListener, MockWebServiceServerTestExecutionListener, ResetMocksTestExecutionListener, MockitoResetTestExecutionListener]
21:48:58.340 [Test worker] DEBUG o.s.t.c.s.DirtiesContextBeforeModesTestExecutionListener -- Before test class: class [MemberServiceV5Test], class annotated with @DirtiesContext [false] with mode [null]
21:48:58.351 [Test worker] DEBUG o.s.t.c.s.DependencyInjectionTestExecutionListener -- Performing dependency injection for test class hello.jdbc.service.MemberServiceV5Test

  .   ____          _            __ _ _
 /\\ / ___'_ __ _ _(_)_ __  __ _ \ \ \ \
( ( )\___ | '_ | '_| | '_ \/ _` | \ \ \ \
 \\/  ___)| |_)| | | | | || (_| |  ) ) ) )
  '  |____| .__|_| |_|_| |_\__, | / / / /
 =========|_|==============|___/=/_/_/_/

 :: Spring Boot ::                (v3.4.4)

21:48:58.588 [Test worker] INFO  h.jdbc.service.MemberServiceV5Test -- Starting MemberServiceV5Test using Java 21.0.4 with PID 12260 (started by starl in C:\study\jdbc)
21:48:58.589 [Test worker] DEBUG h.jdbc.service.MemberServiceV5Test -- Running with Spring Boot v3.4.4, Spring v6.2.5
21:48:58.589 [Test worker] INFO  h.jdbc.service.MemberServiceV5Test -- No active profile set, falling back to 1 default profile: "default"
21:48:58.590 [Test worker] DEBUG o.s.boot.SpringApplication -- Loading source class hello.jdbc.JdbcApplication,class hello.jdbc.service.MemberServiceV5Test$TestConfig
21:48:58.606 [Test worker] DEBUG o.s.c.a.AnnotationConfigApplicationContext -- Refreshing org.springframework.context.annotation.AnnotationConfigApplicationContext@26722665
21:48:58.617 [Test worker] DEBUG o.s.b.f.s.DefaultListableBeanFactory -- Creating shared instance of singleton bean 'org.springframework.context.annotation.internalConfigurationAnnotationProcessor'
21:48:58.628 [Test worker] DEBUG o.s.b.f.s.DefaultListableBeanFactory -- Creating shared instance of singleton bean 'org.springframework.boot.autoconfigure.internalCachingMetadataReaderFactory'
21:48:59.018 [Test worker] DEBUG o.s.b.f.s.DefaultListableBeanFactory -- Creating shared instance of singleton bean 'propertySourcesPlaceholderConfigurer'
21:48:59.024 [Test worker] DEBUG o.s.b.f.s.DefaultListableBeanFactory -- Creating shared instance of singleton bean 'org.springframework.boot.test.mock.mockito.MockitoPostProcessor'
21:48:59.030 [Test worker] DEBUG o.s.b.f.s.DefaultListableBeanFactory -- Creating shared instance of singleton bean 'org.springframework.boot.sql.init.dependency.DatabaseInitializationDependencyConfigurer$DependsOnDatabaseInitializationPostProcessor'
21:48:59.053 [Test worker] DEBUG o.s.b.f.s.DefaultListableBeanFactory -- Creating shared instance of singleton bean 'org.springframework.context.event.internalEventListenerProcessor'
21:48:59.054 [Test worker] DEBUG o.s.b.f.s.DefaultListableBeanFactory -- Creating shared instance of singleton bean 'forceAutoProxyCreatorToUseClassProxying'
21:48:59.055 [Test worker] DEBUG o.s.b.f.s.DefaultListableBeanFactory -- Creating shared instance of singleton bean 'org.springframework.context.event.internalEventListenerFactory'
21:48:59.055 [Test worker] DEBUG o.s.b.f.s.DefaultListableBeanFactory -- Creating shared instance of singleton bean 'org.springframework.transaction.config.internalTransactionalEventListenerFactory'
21:48:59.058 [Test worker] DEBUG o.s.b.f.s.DefaultListableBeanFactory -- Creating shared instance of singleton bean 'org.springframework.context.annotation.internalAutowiredAnnotationProcessor'
21:48:59.059 [Test worker] DEBUG o.s.b.f.s.DefaultListableBeanFactory -- Creating shared instance of singleton bean 'org.springframework.context.annotation.internalCommonAnnotationProcessor'
21:48:59.063 [Test worker] DEBUG o.s.b.f.s.DefaultListableBeanFactory -- Creating shared instance of singleton bean 'org.springframework.boot.test.mock.mockito.MockitoPostProcessor$SpyPostProcessor'
21:48:59.064 [Test worker] DEBUG o.s.b.f.s.DefaultListableBeanFactory -- Creating shared instance of singleton bean 'jdbcConnectionDetailsHikariBeanPostProcessor'
21:48:59.067 [Test worker] DEBUG o.s.b.f.s.DefaultListableBeanFactory -- Creating shared instance of singleton bean 'org.springframework.boot.context.properties.ConfigurationPropertiesBindingPostProcessor'
21:48:59.068 [Test worker] DEBUG o.s.b.f.s.DefaultListableBeanFactory -- Creating shared instance of singleton bean 'org.springframework.boot.context.internalConfigurationPropertiesBinder'
21:48:59.070 [Test worker] DEBUG o.s.b.f.s.DefaultListableBeanFactory -- Creating shared instance of singleton bean 'persistenceExceptionTranslationPostProcessor'
21:48:59.071 [Test worker] DEBUG o.s.b.f.s.DefaultListableBeanFactory -- Autowiring by type from bean name 'persistenceExceptionTranslationPostProcessor' via factory method to bean named 'environment'
21:48:59.078 [Test worker] DEBUG o.s.b.f.s.DefaultListableBeanFactory -- Creating shared instance of singleton bean 'org.springframework.aop.config.internalAutoProxyCreator'
21:48:59.088 [Test worker] DEBUG o.s.b.f.s.DefaultListableBeanFactory -- Creating shared instance of singleton bean 'org.springframework.test.context.support.internalDynamicPropertyRegistrarBeanInitializer'
21:48:59.089 [Test worker] DEBUG o.s.b.f.s.DefaultListableBeanFactory -- Creating shared instance of singleton bean 'org.springframework.transaction.config.internalTransactionAdvisor'
21:48:59.090 [Test worker] DEBUG o.s.b.f.s.DefaultListableBeanFactory -- Creating shared instance of singleton bean 'org.springframework.transaction.annotation.ProxyTransactionManagementConfiguration'
21:48:59.095 [Test worker] DEBUG o.s.b.f.s.DefaultListableBeanFactory -- Creating shared instance of singleton bean 'transactionAttributeSource'
21:48:59.097 [Test worker] DEBUG o.s.b.f.s.DefaultListableBeanFactory -- Creating shared instance of singleton bean 'transactionInterceptor'
21:48:59.097 [Test worker] DEBUG o.s.b.f.s.DefaultListableBeanFactory -- Autowiring by type from bean name 'transactionInterceptor' via factory method to bean named 'transactionAttributeSource'
21:48:59.102 [Test worker] DEBUG o.s.b.f.s.DefaultListableBeanFactory -- Autowiring by type from bean name 'org.springframework.transaction.config.internalTransactionAdvisor' via factory method to bean named 'transactionAttributeSource'
21:48:59.102 [Test worker] DEBUG o.s.b.f.s.DefaultListableBeanFactory -- Autowiring by type from bean name 'org.springframework.transaction.config.internalTransactionAdvisor' via factory method to bean named 'transactionInterceptor'
21:48:59.107 [Test worker] DEBUG o.s.b.f.s.DefaultListableBeanFactory -- Creating shared instance of singleton bean 'jdbcApplication'
21:48:59.107 [Test worker] DEBUG o.s.b.f.s.DefaultListableBeanFactory -- Creating shared instance of singleton bean 'memberServiceV5Test.TestConfig'
21:48:59.108 [Test worker] DEBUG o.s.b.f.s.DefaultListableBeanFactory -- Creating shared instance of singleton bean 'dataSource'
21:48:59.108 [Test worker] DEBUG o.s.b.f.s.DefaultListableBeanFactory -- Creating shared instance of singleton bean 'org.springframework.boot.autoconfigure.jdbc.DataSourceConfiguration$Hikari'
21:48:59.109 [Test worker] DEBUG o.s.b.f.s.DefaultListableBeanFactory -- Creating shared instance of singleton bean 'spring.datasource-org.springframework.boot.autoconfigure.jdbc.DataSourceProperties'
21:48:59.110 [Test worker] DEBUG o.s.b.f.s.DefaultListableBeanFactory -- Creating shared instance of singleton bean 'org.springframework.boot.context.properties.BoundConfigurationProperties'
21:48:59.124 [Test worker] DEBUG o.s.b.f.s.DefaultListableBeanFactory -- Creating shared instance of singleton bean 'jdbcConnectionDetails'
21:48:59.124 [Test worker] DEBUG o.s.b.f.s.DefaultListableBeanFactory -- Creating shared instance of singleton bean 'org.springframework.boot.autoconfigure.jdbc.DataSourceAutoConfiguration$PooledDataSourceConfiguration'
21:48:59.125 [Test worker] DEBUG o.s.b.f.s.DefaultListableBeanFactory -- Autowiring by type from bean name 'jdbcConnectionDetails' via factory method to bean named 'spring.datasource-org.springframework.boot.autoconfigure.jdbc.DataSourceProperties'
21:48:59.125 [Test worker] DEBUG o.s.b.f.s.DefaultListableBeanFactory -- Autowiring by type from bean name 'dataSource' via factory method to bean named 'spring.datasource-org.springframework.boot.autoconfigure.jdbc.DataSourceProperties'
21:48:59.126 [Test worker] DEBUG o.s.b.f.s.DefaultListableBeanFactory -- Autowiring by type from bean name 'dataSource' via factory method to bean named 'jdbcConnectionDetails'
21:48:59.129 [Test worker] DEBUG com.zaxxer.hikari.HikariConfig -- Driver class org.h2.Driver found in Thread context class loader jdk.internal.loader.ClassLoaders$AppClassLoader@6bc7c054
21:48:59.153 [Test worker] DEBUG o.s.b.f.s.DefaultListableBeanFactory -- Autowiring by type from bean name 'memberServiceV5Test.TestConfig' via constructor to bean named 'dataSource'
21:48:59.155 [Test worker] DEBUG o.s.b.f.s.DefaultListableBeanFactory -- Creating shared instance of singleton bean 'org.springframework.boot.autoconfigure.AutoConfigurationPackages'
21:48:59.156 [Test worker] DEBUG o.s.b.f.s.DefaultListableBeanFactory -- Creating shared instance of singleton bean 'memberRepository'
21:48:59.162 [Test worker] DEBUG o.s.b.f.s.DefaultListableBeanFactory -- Creating shared instance of singleton bean 'memberServiceV4'
21:48:59.185 [Test worker] DEBUG o.s.b.f.s.DefaultListableBeanFactory -- Creating shared instance of singleton bean 'org.springframework.boot.autoconfigure.context.PropertyPlaceholderAutoConfiguration'
21:48:59.185 [Test worker] DEBUG o.s.b.f.s.DefaultListableBeanFactory -- Creating shared instance of singleton bean 'org.springframework.boot.autoconfigure.aop.AopAutoConfiguration$ClassProxyingConfiguration'
21:48:59.186 [Test worker] DEBUG o.s.b.f.s.DefaultListableBeanFactory -- Creating shared instance of singleton bean 'org.springframework.boot.autoconfigure.aop.AopAutoConfiguration'
21:48:59.186 [Test worker] DEBUG o.s.b.f.s.DefaultListableBeanFactory -- Creating shared instance of singleton bean 'org.springframework.boot.autoconfigure.availability.ApplicationAvailabilityAutoConfiguration'
21:48:59.187 [Test worker] DEBUG o.s.b.f.s.DefaultListableBeanFactory -- Creating shared instance of singleton bean 'applicationAvailability'
21:48:59.189 [Test worker] DEBUG o.s.b.f.s.DefaultListableBeanFactory -- Creating shared instance of singleton bean 'org.springframework.boot.autoconfigure.jdbc.metadata.DataSourcePoolMetadataProvidersConfiguration$HikariPoolDataSourceMetadataProviderConfiguration'
21:48:59.190 [Test worker] DEBUG o.s.b.f.s.DefaultListableBeanFactory -- Creating shared instance of singleton bean 'hikariPoolDataSourceMetadataProvider'
21:48:59.191 [Test worker] DEBUG o.s.b.f.s.DefaultListableBeanFactory -- Creating shared instance of singleton bean 'org.springframework.boot.autoconfigure.jdbc.metadata.DataSourcePoolMetadataProvidersConfiguration'
21:48:59.191 [Test worker] DEBUG o.s.b.f.s.DefaultListableBeanFactory -- Creating shared instance of singleton bean 'org.springframework.boot.autoconfigure.jdbc.DataSourceAutoConfiguration'
21:48:59.192 [Test worker] DEBUG o.s.b.f.s.DefaultListableBeanFactory -- Creating shared instance of singleton bean 'org.springframework.boot.context.properties.EnableConfigurationPropertiesRegistrar.methodValidationExcludeFilter'
21:48:59.195 [Test worker] DEBUG o.s.b.f.s.DefaultListableBeanFactory -- Creating shared instance of singleton bean 'org.springframework.boot.autoconfigure.transaction.TransactionManagerCustomizationAutoConfiguration'
21:48:59.196 [Test worker] DEBUG o.s.b.f.s.DefaultListableBeanFactory -- Creating shared instance of singleton bean 'platformTransactionManagerCustomizers'
21:48:59.197 [Test worker] DEBUG o.s.b.f.s.DefaultListableBeanFactory -- Creating shared instance of singleton bean 'transactionExecutionListeners'
21:48:59.199 [Test worker] DEBUG o.s.b.f.s.DefaultListableBeanFactory -- Creating shared instance of singleton bean 'spring.transaction-org.springframework.boot.autoconfigure.transaction.TransactionProperties'
21:48:59.203 [Test worker] DEBUG o.s.b.f.s.DefaultListableBeanFactory -- Creating shared instance of singleton bean 'org.springframework.boot.autoconfigure.context.ConfigurationPropertiesAutoConfiguration'
21:48:59.203 [Test worker] DEBUG o.s.b.f.s.DefaultListableBeanFactory -- Creating shared instance of singleton bean 'org.springframework.boot.autoconfigure.context.LifecycleAutoConfiguration'
21:48:59.203 [Test worker] DEBUG o.s.b.f.s.DefaultListableBeanFactory -- Creating shared instance of singleton bean 'lifecycleProcessor'
21:48:59.204 [Test worker] DEBUG o.s.b.f.s.DefaultListableBeanFactory -- Creating shared instance of singleton bean 'spring.lifecycle-org.springframework.boot.autoconfigure.context.LifecycleProperties'
21:48:59.205 [Test worker] DEBUG o.s.b.f.s.DefaultListableBeanFactory -- Autowiring by type from bean name 'lifecycleProcessor' via factory method to bean named 'spring.lifecycle-org.springframework.boot.autoconfigure.context.LifecycleProperties'
21:48:59.207 [Test worker] DEBUG o.s.b.f.s.DefaultListableBeanFactory -- Creating shared instance of singleton bean 'org.springframework.boot.autoconfigure.dao.PersistenceExceptionTranslationAutoConfiguration'
21:48:59.207 [Test worker] DEBUG o.s.b.f.s.DefaultListableBeanFactory -- Creating shared instance of singleton bean 'org.springframework.boot.autoconfigure.info.ProjectInfoAutoConfiguration'
21:48:59.210 [Test worker] DEBUG o.s.b.f.s.DefaultListableBeanFactory -- Creating shared instance of singleton bean 'spring.info-org.springframework.boot.autoconfigure.info.ProjectInfoProperties'
21:48:59.211 [Test worker] DEBUG o.s.b.f.s.DefaultListableBeanFactory -- Autowiring by type from bean name 'org.springframework.boot.autoconfigure.info.ProjectInfoAutoConfiguration' via constructor to bean named 'spring.info-org.springframework.boot.autoconfigure.info.ProjectInfoProperties'
21:48:59.211 [Test worker] DEBUG o.s.b.f.s.DefaultListableBeanFactory -- Creating shared instance of singleton bean 'org.springframework.boot.autoconfigure.jdbc.JdbcTemplateConfiguration'
21:48:59.212 [Test worker] DEBUG o.s.b.f.s.DefaultListableBeanFactory -- Creating shared instance of singleton bean 'dataSourceScriptDatabaseInitializer'
21:48:59.212 [Test worker] DEBUG o.s.b.f.s.DefaultListableBeanFactory -- Creating shared instance of singleton bean 'org.springframework.boot.autoconfigure.sql.init.DataSourceInitializationConfiguration'
21:48:59.213 [Test worker] DEBUG o.s.b.f.s.DefaultListableBeanFactory -- Creating shared instance of singleton bean 'spring.sql.init-org.springframework.boot.autoconfigure.sql.init.SqlInitializationProperties'
21:48:59.215 [Test worker] DEBUG o.s.b.f.s.DefaultListableBeanFactory -- Autowiring by type from bean name 'dataSourceScriptDatabaseInitializer' via factory method to bean named 'dataSource'
21:48:59.215 [Test worker] DEBUG o.s.b.f.s.DefaultListableBeanFactory -- Autowiring by type from bean name 'dataSourceScriptDatabaseInitializer' via factory method to bean named 'spring.sql.init-org.springframework.boot.autoconfigure.sql.init.SqlInitializationProperties'
21:48:59.219 [Test worker] DEBUG o.s.b.f.s.DefaultListableBeanFactory -- Creating shared instance of singleton bean 'jdbcTemplate'
21:48:59.219 [Test worker] DEBUG o.s.b.f.s.DefaultListableBeanFactory -- Creating shared instance of singleton bean 'spring.jdbc-org.springframework.boot.autoconfigure.jdbc.JdbcProperties'
21:48:59.220 [Test worker] DEBUG o.s.b.f.s.DefaultListableBeanFactory -- Autowiring by type from bean name 'jdbcTemplate' via factory method to bean named 'dataSource'
21:48:59.221 [Test worker] DEBUG o.s.b.f.s.DefaultListableBeanFactory -- Autowiring by type from bean name 'jdbcTemplate' via factory method to bean named 'spring.jdbc-org.springframework.boot.autoconfigure.jdbc.JdbcProperties'
21:48:59.226 [Test worker] DEBUG o.s.b.f.s.DefaultListableBeanFactory -- Creating shared instance of singleton bean 'org.springframework.boot.autoconfigure.jdbc.NamedParameterJdbcTemplateConfiguration'
21:48:59.226 [Test worker] DEBUG o.s.b.f.s.DefaultListableBeanFactory -- Creating shared instance of singleton bean 'namedParameterJdbcTemplate'
21:48:59.226 [Test worker] DEBUG o.s.b.f.s.DefaultListableBeanFactory -- Autowiring by type from bean name 'namedParameterJdbcTemplate' via factory method to bean named 'jdbcTemplate'
21:48:59.231 [Test worker] DEBUG o.s.b.f.s.DefaultListableBeanFactory -- Creating shared instance of singleton bean 'org.springframework.boot.autoconfigure.jdbc.JdbcTemplateAutoConfiguration'
21:48:59.231 [Test worker] DEBUG o.s.b.f.s.DefaultListableBeanFactory -- Creating shared instance of singleton bean 'org.springframework.boot.autoconfigure.jdbc.JdbcClientAutoConfiguration'
21:48:59.232 [Test worker] DEBUG o.s.b.f.s.DefaultListableBeanFactory -- Creating shared instance of singleton bean 'jdbcClient'
21:48:59.232 [Test worker] DEBUG o.s.b.f.s.DefaultListableBeanFactory -- Autowiring by type from bean name 'jdbcClient' via factory method to bean named 'namedParameterJdbcTemplate'
21:48:59.234 [Test worker] DEBUG o.s.b.f.s.DefaultListableBeanFactory -- Creating shared instance of singleton bean 'org.springframework.boot.autoconfigure.sql.init.SqlInitializationAutoConfiguration'
21:48:59.234 [Test worker] DEBUG o.s.b.f.s.DefaultListableBeanFactory -- Creating shared instance of singleton bean 'org.springframework.boot.autoconfigure.ssl.SslAutoConfiguration'
21:48:59.235 [Test worker] DEBUG o.s.b.f.s.DefaultListableBeanFactory -- Creating shared instance of singleton bean 'spring.ssl-org.springframework.boot.autoconfigure.ssl.SslProperties'
21:48:59.237 [Test worker] DEBUG o.s.b.f.s.DefaultListableBeanFactory -- Autowiring by type from bean name 'org.springframework.boot.autoconfigure.ssl.SslAutoConfiguration' via constructor to bean named 'org.springframework.context.annotation.AnnotationConfigApplicationContext@26722665'
21:48:59.237 [Test worker] DEBUG o.s.b.f.s.DefaultListableBeanFactory -- Autowiring by type from bean name 'org.springframework.boot.autoconfigure.ssl.SslAutoConfiguration' via constructor to bean named 'spring.ssl-org.springframework.boot.autoconfigure.ssl.SslProperties'
21:48:59.238 [Test worker] DEBUG o.s.b.f.s.DefaultListableBeanFactory -- Creating shared instance of singleton bean 'fileWatcher'
21:48:59.243 [Test worker] DEBUG o.s.b.f.s.DefaultListableBeanFactory -- Creating shared instance of singleton bean 'sslPropertiesSslBundleRegistrar'
21:48:59.243 [Test worker] DEBUG o.s.b.f.s.DefaultListableBeanFactory -- Autowiring by type from bean name 'sslPropertiesSslBundleRegistrar' via factory method to bean named 'fileWatcher'
21:48:59.245 [Test worker] DEBUG o.s.b.f.s.DefaultListableBeanFactory -- Creating shared instance of singleton bean 'sslBundleRegistry'
21:48:59.249 [Test worker] DEBUG o.s.b.f.s.DefaultListableBeanFactory -- Creating shared instance of singleton bean 'org.springframework.boot.autoconfigure.task.TaskExecutorConfigurations$ThreadPoolTaskExecutorBuilderConfiguration'
21:48:59.250 [Test worker] DEBUG o.s.b.f.s.DefaultListableBeanFactory -- Creating shared instance of singleton bean 'threadPoolTaskExecutorBuilder'
21:48:59.251 [Test worker] DEBUG o.s.b.f.s.DefaultListableBeanFactory -- Creating shared instance of singleton bean 'spring.task.execution-org.springframework.boot.autoconfigure.task.TaskExecutionProperties'
21:48:59.252 [Test worker] DEBUG o.s.b.f.s.DefaultListableBeanFactory -- Autowiring by type from bean name 'threadPoolTaskExecutorBuilder' via factory method to bean named 'spring.task.execution-org.springframework.boot.autoconfigure.task.TaskExecutionProperties'
21:48:59.255 [Test worker] DEBUG o.s.b.f.s.DefaultListableBeanFactory -- Creating shared instance of singleton bean 'org.springframework.boot.autoconfigure.task.TaskExecutorConfigurations$SimpleAsyncTaskExecutorBuilderConfiguration'
21:48:59.256 [Test worker] DEBUG o.s.b.f.s.DefaultListableBeanFactory -- Autowiring by type from bean name 'org.springframework.boot.autoconfigure.task.TaskExecutorConfigurations$SimpleAsyncTaskExecutorBuilderConfiguration' via constructor to bean named 'spring.task.execution-org.springframework.boot.autoconfigure.task.TaskExecutionProperties'
21:48:59.257 [Test worker] DEBUG o.s.b.f.s.DefaultListableBeanFactory -- Creating shared instance of singleton bean 'simpleAsyncTaskExecutorBuilder'
21:48:59.258 [Test worker] DEBUG o.s.b.f.s.DefaultListableBeanFactory -- Creating shared instance of singleton bean 'org.springframework.boot.autoconfigure.task.TaskExecutorConfigurations$TaskExecutorConfiguration'
21:48:59.259 [Test worker] DEBUG o.s.b.f.s.DefaultListableBeanFactory -- Creating shared instance of singleton bean 'org.springframework.boot.autoconfigure.task.TaskExecutionAutoConfiguration'
21:48:59.259 [Test worker] DEBUG o.s.b.f.s.DefaultListableBeanFactory -- Creating shared instance of singleton bean 'org.springframework.boot.autoconfigure.task.TaskSchedulingConfigurations$ThreadPoolTaskSchedulerBuilderConfiguration'
21:48:59.259 [Test worker] DEBUG o.s.b.f.s.DefaultListableBeanFactory -- Creating shared instance of singleton bean 'threadPoolTaskSchedulerBuilder'
21:48:59.260 [Test worker] DEBUG o.s.b.f.s.DefaultListableBeanFactory -- Creating shared instance of singleton bean 'spring.task.scheduling-org.springframework.boot.autoconfigure.task.TaskSchedulingProperties'
21:48:59.262 [Test worker] DEBUG o.s.b.f.s.DefaultListableBeanFactory -- Autowiring by type from bean name 'threadPoolTaskSchedulerBuilder' via factory method to bean named 'spring.task.scheduling-org.springframework.boot.autoconfigure.task.TaskSchedulingProperties'
21:48:59.263 [Test worker] DEBUG o.s.b.f.s.DefaultListableBeanFactory -- Creating shared instance of singleton bean 'org.springframework.boot.autoconfigure.task.TaskSchedulingConfigurations$SimpleAsyncTaskSchedulerBuilderConfiguration'
21:48:59.264 [Test worker] DEBUG o.s.b.f.s.DefaultListableBeanFactory -- Autowiring by type from bean name 'org.springframework.boot.autoconfigure.task.TaskSchedulingConfigurations$SimpleAsyncTaskSchedulerBuilderConfiguration' via constructor to bean named 'spring.task.scheduling-org.springframework.boot.autoconfigure.task.TaskSchedulingProperties'
21:48:59.264 [Test worker] DEBUG o.s.b.f.s.DefaultListableBeanFactory -- Creating shared instance of singleton bean 'simpleAsyncTaskSchedulerBuilder'
21:48:59.266 [Test worker] DEBUG o.s.b.f.s.DefaultListableBeanFactory -- Creating shared instance of singleton bean 'org.springframework.boot.autoconfigure.task.TaskSchedulingAutoConfiguration'
21:48:59.267 [Test worker] DEBUG o.s.b.f.s.DefaultListableBeanFactory -- Creating shared instance of singleton bean 'org.springframework.boot.autoconfigure.jdbc.DataSourceTransactionManagerAutoConfiguration$JdbcTransactionManagerConfiguration'
21:48:59.268 [Test worker] DEBUG o.s.b.f.s.DefaultListableBeanFactory -- Creating shared instance of singleton bean 'transactionManager'
21:48:59.268 [Test worker] DEBUG o.s.b.f.s.DefaultListableBeanFactory -- Autowiring by type from bean name 'transactionManager' via factory method to bean named 'environment'
21:48:59.268 [Test worker] DEBUG o.s.b.f.s.DefaultListableBeanFactory -- Autowiring by type from bean name 'transactionManager' via factory method to bean named 'dataSource'
21:48:59.277 [Test worker] DEBUG o.s.b.f.s.DefaultListableBeanFactory -- Creating shared instance of singleton bean 'org.springframework.boot.autoconfigure.jdbc.DataSourceTransactionManagerAutoConfiguration'
21:48:59.277 [Test worker] DEBUG o.s.b.f.s.DefaultListableBeanFactory -- Creating shared instance of singleton bean 'org.springframework.boot.autoconfigure.transaction.TransactionAutoConfiguration$EnableTransactionManagementConfiguration$CglibAutoProxyConfiguration'
21:48:59.278 [Test worker] DEBUG o.s.b.f.s.DefaultListableBeanFactory -- Creating shared instance of singleton bean 'org.springframework.boot.autoconfigure.transaction.TransactionAutoConfiguration$EnableTransactionManagementConfiguration'
21:48:59.278 [Test worker] DEBUG o.s.b.f.s.DefaultListableBeanFactory -- Creating shared instance of singleton bean 'org.springframework.boot.autoconfigure.transaction.TransactionAutoConfiguration$TransactionTemplateConfiguration'
21:48:59.278 [Test worker] DEBUG o.s.b.f.s.DefaultListableBeanFactory -- Creating shared instance of singleton bean 'transactionTemplate'
21:48:59.279 [Test worker] DEBUG o.s.b.f.s.DefaultListableBeanFactory -- Autowiring by type from bean name 'transactionTemplate' via factory method to bean named 'transactionManager'
21:48:59.280 [Test worker] DEBUG o.s.b.f.s.DefaultListableBeanFactory -- Creating shared instance of singleton bean 'org.springframework.boot.autoconfigure.transaction.TransactionAutoConfiguration'
21:48:59.285 [Test worker] DEBUG o.s.b.f.s.DefaultListableBeanFactory -- Creating shared instance of singleton bean 'applicationTaskExecutor'
21:48:59.285 [Test worker] DEBUG o.s.b.f.s.DefaultListableBeanFactory -- Autowiring by type from bean name 'applicationTaskExecutor' via factory method to bean named 'threadPoolTaskExecutorBuilder'
21:48:59.293 [Test worker] DEBUG o.s.s.c.ThreadPoolTaskExecutor -- Initializing ExecutorService 'applicationTaskExecutor'
21:48:59.298 [Test worker] DEBUG o.s.c.s.DefaultLifecycleProcessor -- Starting beans in phase -2147483647
21:48:59.299 [Test worker] DEBUG o.s.c.s.DefaultLifecycleProcessor -- Successfully started bean 'springBootLoggingLifecycle'
21:48:59.299 [Test worker] DEBUG o.s.c.s.DefaultLifecycleProcessor -- Starting beans in phase 1073741823
21:48:59.309 [Test worker] DEBUG o.s.b.a.l.ConditionEvaluationReportLogger -- 


============================
CONDITIONS EVALUATION REPORT
============================


Positive matches:
-----------------

   AopAutoConfiguration matched:
      - @ConditionalOnProperty (spring.aop.auto=true) matched (OnPropertyCondition)

   AopAutoConfiguration.ClassProxyingConfiguration matched:
      - @ConditionalOnMissingClass did not find unwanted class 'org.aspectj.weaver.Advice' (OnClassCondition)
      - @ConditionalOnProperty (spring.aop.proxy-target-class=true) matched (OnPropertyCondition)

   ApplicationAvailabilityAutoConfiguration#applicationAvailability matched:
      - @ConditionalOnMissingBean (types: org.springframework.boot.availability.ApplicationAvailability; SearchStrategy: all) did not find any beans (OnBeanCondition)

   DataSourceAutoConfiguration matched:
      - @ConditionalOnClass found required classes 'javax.sql.DataSource', 'org.springframework.jdbc.datasource.embedded.EmbeddedDatabaseType' (OnClassCondition)
      - @ConditionalOnMissingBean (types: io.r2dbc.spi.ConnectionFactory; SearchStrategy: all) did not find any beans (OnBeanCondition)

   DataSourceAutoConfiguration.PooledDataSourceConfiguration matched:
      - AnyNestedCondition 1 matched 1 did not; NestedCondition on DataSourceAutoConfiguration.PooledDataSourceCondition.PooledDataSourceAvailable PooledDataSource found supported DataSource; NestedCondition on DataSourceAutoConfiguration.PooledDataSourceCondition.ExplicitType @ConditionalOnProperty (spring.datasource.type) did not find property 'type' (DataSourceAutoConfiguration.PooledDataSourceCondition)
      - @ConditionalOnMissingBean (types: javax.sql.DataSource,javax.sql.XADataSource; SearchStrategy: all) did not find any beans (OnBeanCondition)

   DataSourceAutoConfiguration.PooledDataSourceConfiguration#jdbcConnectionDetails matched:
      - @ConditionalOnMissingBean (types: org.springframework.boot.autoconfigure.jdbc.JdbcConnectionDetails; SearchStrategy: all) did not find any beans (OnBeanCondition)

   DataSourceConfiguration.Hikari matched:
      - @ConditionalOnClass found required class 'com.zaxxer.hikari.HikariDataSource' (OnClassCondition)
      - @ConditionalOnProperty (spring.datasource.type=com.zaxxer.hikari.HikariDataSource) matched (OnPropertyCondition)
      - @ConditionalOnMissingBean (types: javax.sql.DataSource; SearchStrategy: all) did not find any beans (OnBeanCondition)

   DataSourceInitializationConfiguration matched:
      - @ConditionalOnClass found required class 'org.springframework.jdbc.datasource.init.DatabasePopulator' (OnClassCondition)
      - @ConditionalOnSingleCandidate (types: javax.sql.DataSource; SearchStrategy: all) found a single bean 'dataSource'; @ConditionalOnMissingBean (types: org.springframework.boot.autoconfigure.sql.init.SqlDataSourceScriptDatabaseInitializer,org.springframework.boot.autoconfigure.sql.init.SqlR2dbcScriptDatabaseInitializer; SearchStrategy: all) did not find any beans (OnBeanCondition)

   DataSourcePoolMetadataProvidersConfiguration.HikariPoolDataSourceMetadataProviderConfiguration matched:
      - @ConditionalOnClass found required class 'com.zaxxer.hikari.HikariDataSource' (OnClassCondition)

   DataSourceTransactionManagerAutoConfiguration matched:
      - @ConditionalOnClass found required classes 'javax.sql.DataSource', 'org.springframework.jdbc.core.JdbcTemplate', 'org.springframework.transaction.TransactionManager' (OnClassCondition)

   DataSourceTransactionManagerAutoConfiguration.JdbcTransactionManagerConfiguration matched:
      - @ConditionalOnSingleCandidate (types: javax.sql.DataSource; SearchStrategy: all) found a single bean 'dataSource' (OnBeanCondition)

   DataSourceTransactionManagerAutoConfiguration.JdbcTransactionManagerConfiguration#transactionManager matched:
      - @ConditionalOnMissingBean (types: org.springframework.transaction.TransactionManager; SearchStrategy: all) did not find any beans (OnBeanCondition)

   GenericCacheConfiguration matched:
      - Cache org.springframework.boot.autoconfigure.cache.GenericCacheConfiguration automatic cache type (CacheCondition)

   JdbcClientAutoConfiguration matched:
      - @ConditionalOnSingleCandidate (types: org.springframework.jdbc.core.namedparam.NamedParameterJdbcTemplate; SearchStrategy: all) found a single bean 'namedParameterJdbcTemplate'; @ConditionalOnMissingBean (types: org.springframework.jdbc.core.simple.JdbcClient; SearchStrategy: all) did not find any beans (OnBeanCondition)

   JdbcTemplateAutoConfiguration matched:
      - @ConditionalOnClass found required classes 'javax.sql.DataSource', 'org.springframework.jdbc.core.JdbcTemplate' (OnClassCondition)
      - @ConditionalOnSingleCandidate (types: javax.sql.DataSource; SearchStrategy: all) found a single bean 'dataSource' (OnBeanCondition)

   JdbcTemplateConfiguration matched:
      - @ConditionalOnMissingBean (types: org.springframework.jdbc.core.JdbcOperations; SearchStrategy: all) did not find any beans (OnBeanCondition)

   LifecycleAutoConfiguration#defaultLifecycleProcessor matched:
      - @ConditionalOnMissingBean (names: lifecycleProcessor; SearchStrategy: current) did not find any beans (OnBeanCondition)

   NamedParameterJdbcTemplateConfiguration matched:
      - @ConditionalOnSingleCandidate (types: org.springframework.jdbc.core.JdbcTemplate; SearchStrategy: all) found a single bean 'jdbcTemplate'; @ConditionalOnMissingBean (types: org.springframework.jdbc.core.namedparam.NamedParameterJdbcOperations; SearchStrategy: all) did not find any beans (OnBeanCondition)

   NoOpCacheConfiguration matched:
      - Cache org.springframework.boot.autoconfigure.cache.NoOpCacheConfiguration automatic cache type (CacheCondition)

   PersistenceExceptionTranslationAutoConfiguration matched:
      - @ConditionalOnClass found required class 'org.springframework.dao.annotation.PersistenceExceptionTranslationPostProcessor' (OnClassCondition)

   PersistenceExceptionTranslationAutoConfiguration#persistenceExceptionTranslationPostProcessor matched:
      - @ConditionalOnProperty (spring.dao.exceptiontranslation.enabled) matched (OnPropertyCondition)
      - @ConditionalOnMissingBean (types: org.springframework.dao.annotation.PersistenceExceptionTranslationPostProcessor; SearchStrategy: all) did not find any beans (OnBeanCondition)

   PropertyPlaceholderAutoConfiguration#propertySourcesPlaceholderConfigurer matched:
      - @ConditionalOnMissingBean (types: org.springframework.context.support.PropertySourcesPlaceholderConfigurer; SearchStrategy: current) did not find any beans (OnBeanCondition)

   SimpleCacheConfiguration matched:
      - Cache org.springframework.boot.autoconfigure.cache.SimpleCacheConfiguration automatic cache type (CacheCondition)

   SqlInitializationAutoConfiguration matched:
      - @ConditionalOnProperty (spring.sql.init.enabled) matched (OnPropertyCondition)
      - NoneNestedConditions 0 matched 1 did not; NestedCondition on SqlInitializationAutoConfiguration.SqlInitializationModeCondition.ModeIsNever @ConditionalOnProperty (spring.sql.init.mode=never) did not find property 'mode' (SqlInitializationAutoConfiguration.SqlInitializationModeCondition)

   SslAutoConfiguration#sslBundleRegistry matched:
      - @ConditionalOnMissingBean (types: org.springframework.boot.ssl.SslBundleRegistry,org.springframework.boot.ssl.SslBundles; SearchStrategy: all) did not find any beans (OnBeanCondition)

   TaskExecutionAutoConfiguration matched:
      - @ConditionalOnClass found required class 'org.springframework.scheduling.concurrent.ThreadPoolTaskExecutor' (OnClassCondition)

   TaskExecutorConfigurations.SimpleAsyncTaskExecutorBuilderConfiguration#simpleAsyncTaskExecutorBuilder matched:
      - @ConditionalOnMissingBean (types: org.springframework.boot.task.SimpleAsyncTaskExecutorBuilder; SearchStrategy: all) did not find any beans (OnBeanCondition)
      - @ConditionalOnThreading found PLATFORM (OnThreadingCondition)

   TaskExecutorConfigurations.TaskExecutorConfiguration matched:
      - @ConditionalOnMissingBean (types: java.util.concurrent.Executor; SearchStrategy: all) did not find any beans (OnBeanCondition)

   TaskExecutorConfigurations.TaskExecutorConfiguration#applicationTaskExecutor matched:
      - @ConditionalOnThreading found PLATFORM (OnThreadingCondition)

   TaskExecutorConfigurations.ThreadPoolTaskExecutorBuilderConfiguration#threadPoolTaskExecutorBuilder matched:
      - @ConditionalOnMissingBean (types: org.springframework.boot.task.ThreadPoolTaskExecutorBuilder; SearchStrategy: all) did not find any beans (OnBeanCondition)

   TaskSchedulingAutoConfiguration matched:
      - @ConditionalOnClass found required class 'org.springframework.scheduling.concurrent.ThreadPoolTaskScheduler' (OnClassCondition)

   TaskSchedulingConfigurations.SimpleAsyncTaskSchedulerBuilderConfiguration#simpleAsyncTaskSchedulerBuilder matched:
      - @ConditionalOnMissingBean (types: org.springframework.boot.task.SimpleAsyncTaskSchedulerBuilder; SearchStrategy: all) did not find any beans (OnBeanCondition)
      - @ConditionalOnThreading found PLATFORM (OnThreadingCondition)

   TaskSchedulingConfigurations.ThreadPoolTaskSchedulerBuilderConfiguration#threadPoolTaskSchedulerBuilder matched:
      - @ConditionalOnMissingBean (types: org.springframework.boot.task.ThreadPoolTaskSchedulerBuilder; SearchStrategy: all) did not find any beans (OnBeanCondition)

   TransactionAutoConfiguration matched:
      - @ConditionalOnClass found required class 'org.springframework.transaction.PlatformTransactionManager' (OnClassCondition)

   TransactionAutoConfiguration.EnableTransactionManagementConfiguration matched:
      - @ConditionalOnBean (types: org.springframework.transaction.TransactionManager; SearchStrategy: all) found bean 'transactionManager'; @ConditionalOnMissingBean (types: org.springframework.transaction.annotation.AbstractTransactionManagementConfiguration; SearchStrategy: all) did not find any beans (OnBeanCondition)

   TransactionAutoConfiguration.EnableTransactionManagementConfiguration.CglibAutoProxyConfiguration matched:
      - @ConditionalOnProperty (spring.aop.proxy-target-class=true) matched (OnPropertyCondition)

   TransactionAutoConfiguration.TransactionTemplateConfiguration matched:
      - @ConditionalOnSingleCandidate (types: org.springframework.transaction.PlatformTransactionManager; SearchStrategy: all) found a single bean 'transactionManager' (OnBeanCondition)

   TransactionAutoConfiguration.TransactionTemplateConfiguration#transactionTemplate matched:
      - @ConditionalOnMissingBean (types: org.springframework.transaction.support.TransactionOperations; SearchStrategy: all) did not find any beans (OnBeanCondition)

   TransactionManagerCustomizationAutoConfiguration matched:
      - @ConditionalOnClass found required class 'org.springframework.transaction.PlatformTransactionManager' (OnClassCondition)

   TransactionManagerCustomizationAutoConfiguration#platformTransactionManagerCustomizers matched:
      - @ConditionalOnMissingBean (types: org.springframework.boot.autoconfigure.transaction.TransactionManagerCustomizers; SearchStrategy: all) did not find any beans (OnBeanCondition)


Negative matches:
-----------------

   ActiveMQAutoConfiguration:
      Did not match:
         - @ConditionalOnClass did not find required class 'jakarta.jms.ConnectionFactory' (OnClassCondition)

   AopAutoConfiguration.AspectJAutoProxyingConfiguration:
      Did not match:
         - @ConditionalOnClass did not find required class 'org.aspectj.weaver.Advice' (OnClassCondition)

   ArtemisAutoConfiguration:
      Did not match:
         - @ConditionalOnClass did not find required class 'jakarta.jms.ConnectionFactory' (OnClassCondition)

   BatchAutoConfiguration:
      Did not match:
         - @ConditionalOnClass did not find required class 'org.springframework.batch.core.launch.JobLauncher' (OnClassCondition)

   Cache2kCacheConfiguration:
      Did not match:
         - @ConditionalOnClass did not find required class 'org.cache2k.Cache2kBuilder' (OnClassCondition)

   CacheAutoConfiguration:
      Did not match:
         - @ConditionalOnBean (types: org.springframework.cache.interceptor.CacheAspectSupport; SearchStrategy: all) did not find any beans of type org.springframework.cache.interceptor.CacheAspectSupport (OnBeanCondition)
      Matched:
         - @ConditionalOnClass found required class 'org.springframework.cache.CacheManager' (OnClassCondition)

   CacheAutoConfiguration.CacheManagerEntityManagerFactoryDependsOnPostProcessor:
      Did not match:
         - @ConditionalOnClass did not find required class 'org.springframework.orm.jpa.LocalContainerEntityManagerFactoryBean' (OnClassCondition)
         - Ancestor org.springframework.boot.autoconfigure.cache.CacheAutoConfiguration did not match (ConditionEvaluationReport.AncestorsMatchedCondition)

   CaffeineCacheConfiguration:
      Did not match:
         - @ConditionalOnClass did not find required class 'com.github.benmanes.caffeine.cache.Caffeine' (OnClassCondition)

   CassandraAutoConfiguration:
      Did not match:
         - @ConditionalOnClass did not find required class 'com.datastax.oss.driver.api.core.CqlSession' (OnClassCondition)

   CassandraDataAutoConfiguration:
      Did not match:
         - @ConditionalOnClass did not find required class 'com.datastax.oss.driver.api.core.CqlSession' (OnClassCondition)

   CassandraReactiveDataAutoConfiguration:
      Did not match:
         - @ConditionalOnClass did not find required class 'com.datastax.oss.driver.api.core.CqlSession' (OnClassCondition)

   CassandraReactiveRepositoriesAutoConfiguration:
      Did not match:
         - @ConditionalOnClass did not find required class 'org.springframework.data.cassandra.ReactiveSession' (OnClassCondition)

   CassandraRepositoriesAutoConfiguration:
      Did not match:
         - @ConditionalOnClass did not find required class 'com.datastax.oss.driver.api.core.CqlSession' (OnClassCondition)

   ClientHttpConnectorAutoConfiguration:
      Did not match:
         - @ConditionalOnClass did not find required class 'org.springframework.web.reactive.function.client.WebClient' (OnClassCondition)

   CodecsAutoConfiguration:
      Did not match:
         - @ConditionalOnClass did not find required class 'org.springframework.http.codec.CodecConfigurer' (OnClassCondition)

   CouchbaseAutoConfiguration:
      Did not match:
         - @ConditionalOnClass did not find required class 'com.couchbase.client.java.Cluster' (OnClassCondition)

   CouchbaseCacheConfiguration:
      Did not match:
         - @ConditionalOnClass did not find required class 'com.couchbase.client.java.Cluster' (OnClassCondition)

   CouchbaseDataAutoConfiguration:
      Did not match:
         - @ConditionalOnClass did not find required class 'com.couchbase.client.java.Bucket' (OnClassCondition)

   CouchbaseReactiveDataAutoConfiguration:
      Did not match:
         - @ConditionalOnClass did not find required class 'com.couchbase.client.java.Cluster' (OnClassCondition)

   CouchbaseReactiveRepositoriesAutoConfiguration:
      Did not match:
         - @ConditionalOnClass did not find required class 'com.couchbase.client.java.Cluster' (OnClassCondition)

   CouchbaseRepositoriesAutoConfiguration:
      Did not match:
         - @ConditionalOnClass did not find required class 'com.couchbase.client.java.Bucket' (OnClassCondition)

   DataSourceAutoConfiguration.EmbeddedDatabaseConfiguration:
      Did not match:
         - EmbeddedDataSource spring.datasource.url is set (DataSourceAutoConfiguration.EmbeddedDatabaseCondition)

   DataSourceCheckpointRestoreConfiguration:
      Did not match:
         - @ConditionalOnClass did not find required class 'org.crac.Resource' (OnClassCondition)

   DataSourceConfiguration.Dbcp2:
      Did not match:
         - @ConditionalOnClass did not find required class 'org.apache.commons.dbcp2.BasicDataSource' (OnClassCondition)

   DataSourceConfiguration.Generic:
      Did not match:
         - @ConditionalOnProperty (spring.datasource.type) did not find property 'spring.datasource.type' (OnPropertyCondition)

   DataSourceConfiguration.OracleUcp:
      Did not match:
         - @ConditionalOnClass did not find required classes 'oracle.ucp.jdbc.PoolDataSourceImpl', 'oracle.jdbc.OracleConnection' (OnClassCondition)

   DataSourceConfiguration.Tomcat:
      Did not match:
         - @ConditionalOnClass did not find required class 'org.apache.tomcat.jdbc.pool.DataSource' (OnClassCondition)

   DataSourceJmxConfiguration:
      Did not match:
         - @ConditionalOnProperty (spring.jmx.enabled=true) found different value in property 'enabled' (OnPropertyCondition)

   DataSourcePoolMetadataProvidersConfiguration.CommonsDbcp2PoolDataSourceMetadataProviderConfiguration:
      Did not match:
         - @ConditionalOnClass did not find required class 'org.apache.commons.dbcp2.BasicDataSource' (OnClassCondition)

   DataSourcePoolMetadataProvidersConfiguration.OracleUcpPoolDataSourceMetadataProviderConfiguration:
      Did not match:
         - @ConditionalOnClass did not find required classes 'oracle.ucp.jdbc.PoolDataSource', 'oracle.jdbc.OracleConnection' (OnClassCondition)

   DataSourcePoolMetadataProvidersConfiguration.TomcatDataSourcePoolMetadataProviderConfiguration:
      Did not match:
         - @ConditionalOnClass did not find required class 'org.apache.tomcat.jdbc.pool.DataSource' (OnClassCondition)

   DispatcherServletAutoConfiguration:
      Did not match:
         - @ConditionalOnClass did not find required class 'org.springframework.web.servlet.DispatcherServlet' (OnClassCondition)

   ElasticsearchClientAutoConfiguration:
      Did not match:
         - @ConditionalOnClass did not find required class 'co.elastic.clients.elasticsearch.ElasticsearchClient' (OnClassCondition)

   ElasticsearchDataAutoConfiguration:
      Did not match:
         - @ConditionalOnClass did not find required class 'org.springframework.data.elasticsearch.client.elc.ElasticsearchTemplate' (OnClassCondition)

   ElasticsearchRepositoriesAutoConfiguration:
      Did not match:
         - @ConditionalOnClass did not find required class 'org.springframework.data.elasticsearch.repository.ElasticsearchRepository' (OnClassCondition)

   ElasticsearchRestClientAutoConfiguration:
      Did not match:
         - @ConditionalOnClass did not find required class 'org.elasticsearch.client.RestClientBuilder' (OnClassCondition)

   EmbeddedLdapAutoConfiguration:
      Did not match:
         - @ConditionalOnClass did not find required class 'com.unboundid.ldap.listener.InMemoryDirectoryServer' (OnClassCondition)

   EmbeddedWebServerFactoryCustomizerAutoConfiguration:
      Did not match:
         - @ConditionalOnWebApplication did not find reactive or servlet web application classes (OnWebApplicationCondition)

   ErrorMvcAutoConfiguration:
      Did not match:
         - @ConditionalOnClass did not find required class 'jakarta.servlet.Servlet' (OnClassCondition)

   ErrorWebFluxAutoConfiguration:
      Did not match:
         - @ConditionalOnClass did not find required class 'org.springframework.web.reactive.config.WebFluxConfigurer' (OnClassCondition)

   FlywayAutoConfiguration:
      Did not match:
         - @ConditionalOnClass did not find required class 'org.flywaydb.core.Flyway' (OnClassCondition)

   FreeMarkerAutoConfiguration:
      Did not match:
         - @ConditionalOnClass did not find required class 'freemarker.template.Configuration' (OnClassCondition)

   GraphQlAutoConfiguration:
      Did not match:
         - @ConditionalOnClass did not find required class 'graphql.GraphQL' (OnClassCondition)

   GraphQlQueryByExampleAutoConfiguration:
      Did not match:
         - @ConditionalOnClass did not find required class 'graphql.GraphQL' (OnClassCondition)

   GraphQlQuerydslAutoConfiguration:
      Did not match:
         - @ConditionalOnClass did not find required class 'com.querydsl.core.Query' (OnClassCondition)

   GraphQlRSocketAutoConfiguration:
      Did not match:
         - @ConditionalOnClass did not find required class 'graphql.GraphQL' (OnClassCondition)

   GraphQlReactiveQueryByExampleAutoConfiguration:
      Did not match:
         - @ConditionalOnClass did not find required class 'graphql.GraphQL' (OnClassCondition)

   GraphQlReactiveQuerydslAutoConfiguration:
      Did not match:
         - @ConditionalOnClass did not find required class 'com.querydsl.core.Query' (OnClassCondition)

   GraphQlWebFluxAutoConfiguration:
      Did not match:
         - @ConditionalOnClass did not find required class 'graphql.GraphQL' (OnClassCondition)

   GraphQlWebFluxSecurityAutoConfiguration:
      Did not match:
         - @ConditionalOnClass did not find required class 'graphql.GraphQL' (OnClassCondition)

   GraphQlWebMvcAutoConfiguration:
      Did not match:
         - @ConditionalOnClass did not find required class 'graphql.GraphQL' (OnClassCondition)

   GraphQlWebMvcSecurityAutoConfiguration:
      Did not match:
         - @ConditionalOnClass did not find required class 'graphql.GraphQL' (OnClassCondition)

   GroovyTemplateAutoConfiguration:
      Did not match:
         - @ConditionalOnClass did not find required class 'groovy.text.markup.MarkupTemplateEngine' (OnClassCondition)

   GsonAutoConfiguration:
      Did not match:
         - @ConditionalOnClass did not find required class 'com.google.gson.Gson' (OnClassCondition)

   H2ConsoleAutoConfiguration:
      Did not match:
         - @ConditionalOnClass did not find required class 'org.h2.server.web.JakartaWebServlet' (OnClassCondition)

   HazelcastAutoConfiguration:
      Did not match:
         - @ConditionalOnClass did not find required class 'com.hazelcast.core.HazelcastInstance' (OnClassCondition)

   HazelcastCacheConfiguration:
      Did not match:
         - @ConditionalOnClass did not find required class 'com.hazelcast.core.HazelcastInstance' (OnClassCondition)

   HazelcastJpaDependencyAutoConfiguration:
      Did not match:
         - @ConditionalOnClass did not find required class 'com.hazelcast.core.HazelcastInstance' (OnClassCondition)

   HibernateJpaAutoConfiguration:
      Did not match:
         - @ConditionalOnClass did not find required class 'jakarta.persistence.EntityManager' (OnClassCondition)

   HttpClientAutoConfiguration:
      Did not match:
         - @ConditionalOnClass did not find required class 'org.springframework.http.client.ClientHttpRequestFactory' (OnClassCondition)

   HttpEncodingAutoConfiguration:
      Did not match:
         - @ConditionalOnClass did not find required class 'org.springframework.web.filter.CharacterEncodingFilter' (OnClassCondition)

   HttpHandlerAutoConfiguration:
      Did not match:
         - @ConditionalOnClass did not find required class 'org.springframework.http.server.reactive.HttpHandler' (OnClassCondition)

   HttpMessageConvertersAutoConfiguration:
      Did not match:
         - @ConditionalOnClass did not find required class 'org.springframework.http.converter.HttpMessageConverter' (OnClassCondition)

   HypermediaAutoConfiguration:
      Did not match:
         - @ConditionalOnClass did not find required class 'org.springframework.hateoas.EntityModel' (OnClassCondition)

   InfinispanCacheConfiguration:
      Did not match:
         - @ConditionalOnClass did not find required class 'org.infinispan.spring.embedded.provider.SpringEmbeddedCacheManager' (OnClassCondition)

   IntegrationAutoConfiguration:
      Did not match:
         - @ConditionalOnClass did not find required class 'org.springframework.integration.config.EnableIntegration' (OnClassCondition)

   JCacheCacheConfiguration:
      Did not match:
         - @ConditionalOnClass did not find required class 'javax.cache.Caching' (OnClassCondition)

   JacksonAutoConfiguration:
      Did not match:
         - @ConditionalOnClass did not find required class 'com.fasterxml.jackson.databind.ObjectMapper' (OnClassCondition)

   JdbcRepositoriesAutoConfiguration:
      Did not match:
         - @ConditionalOnClass did not find required class 'org.springframework.data.jdbc.repository.config.AbstractJdbcConfiguration' (OnClassCondition)

   JerseyAutoConfiguration:
      Did not match:
         - @ConditionalOnClass did not find required class 'jakarta.servlet.ServletRegistration' (OnClassCondition)

   JmsAutoConfiguration:
      Did not match:
         - @ConditionalOnClass did not find required class 'jakarta.jms.Message' (OnClassCondition)

   JmxAutoConfiguration:
      Did not match:
         - @ConditionalOnProperty (spring.jmx.enabled=true) found different value in property 'enabled' (OnPropertyCondition)
      Matched:
         - @ConditionalOnClass found required class 'org.springframework.jmx.export.MBeanExporter' (OnClassCondition)

   JndiConnectionFactoryAutoConfiguration:
      Did not match:
         - @ConditionalOnClass did not find required class 'org.springframework.jms.core.JmsTemplate' (OnClassCondition)

   JndiDataSourceAutoConfiguration:
      Did not match:
         - @ConditionalOnProperty (spring.datasource.jndi-name) did not find property 'jndi-name' (OnPropertyCondition)
      Matched:
         - @ConditionalOnClass found required classes 'javax.sql.DataSource', 'org.springframework.jdbc.datasource.embedded.EmbeddedDatabaseType' (OnClassCondition)

   JooqAutoConfiguration:
      Did not match:
         - @ConditionalOnClass did not find required class 'org.jooq.DSLContext' (OnClassCondition)

   JpaRepositoriesAutoConfiguration:
      Did not match:
         - @ConditionalOnClass did not find required class 'org.springframework.data.jpa.repository.JpaRepository' (OnClassCondition)

   JsonbAutoConfiguration:
      Did not match:
         - @ConditionalOnClass did not find required class 'jakarta.json.bind.Jsonb' (OnClassCondition)

   JtaAutoConfiguration:
      Did not match:
         - @ConditionalOnClass did not find required class 'jakarta.transaction.Transaction' (OnClassCondition)

   KafkaAutoConfiguration:
      Did not match:
         - @ConditionalOnClass did not find required class 'org.springframework.kafka.core.KafkaTemplate' (OnClassCondition)

   LdapAutoConfiguration:
      Did not match:
         - @ConditionalOnClass did not find required class 'org.springframework.ldap.core.ContextSource' (OnClassCondition)

   LdapRepositoriesAutoConfiguration:
      Did not match:
         - @ConditionalOnClass did not find required class 'org.springframework.data.ldap.repository.LdapRepository' (OnClassCondition)

   LiquibaseAutoConfiguration:
      Did not match:
         - @ConditionalOnClass did not find required class 'liquibase.change.DatabaseChange' (OnClassCondition)

   MailSenderAutoConfiguration:
      Did not match:
         - @ConditionalOnClass did not find required class 'jakarta.mail.internet.MimeMessage' (OnClassCondition)

   MailSenderValidatorAutoConfiguration:
      Did not match:
         - @ConditionalOnSingleCandidate did not find required type 'org.springframework.mail.javamail.JavaMailSenderImpl' (OnBeanCondition)

   MessageSourceAutoConfiguration:
      Did not match:
         - ResourceBundle did not find bundle with basename messages (MessageSourceAutoConfiguration.ResourceBundleCondition)

   MongoAutoConfiguration:
      Did not match:
         - @ConditionalOnClass did not find required class 'com.mongodb.client.MongoClient' (OnClassCondition)

   MongoDataAutoConfiguration:
      Did not match:
         - @ConditionalOnClass did not find required class 'com.mongodb.client.MongoClient' (OnClassCondition)

   MongoReactiveAutoConfiguration:
      Did not match:
         - @ConditionalOnClass did not find required class 'com.mongodb.reactivestreams.client.MongoClient' (OnClassCondition)

   MongoReactiveDataAutoConfiguration:
      Did not match:
         - @ConditionalOnClass did not find required class 'com.mongodb.reactivestreams.client.MongoClient' (OnClassCondition)

   MongoReactiveRepositoriesAutoConfiguration:
      Did not match:
         - @ConditionalOnClass did not find required class 'com.mongodb.reactivestreams.client.MongoClient' (OnClassCondition)

   MongoRepositoriesAutoConfiguration:
      Did not match:
         - @ConditionalOnClass did not find required class 'com.mongodb.client.MongoClient' (OnClassCondition)

   MultipartAutoConfiguration:
      Did not match:
         - @ConditionalOnClass did not find required class 'jakarta.servlet.MultipartConfigElement' (OnClassCondition)

   MustacheAutoConfiguration:
      Did not match:
         - @ConditionalOnClass did not find required class 'com.samskivert.mustache.Mustache' (OnClassCondition)

   Neo4jAutoConfiguration:
      Did not match:
         - @ConditionalOnClass did not find required class 'org.neo4j.driver.Driver' (OnClassCondition)

   Neo4jDataAutoConfiguration:
      Did not match:
         - @ConditionalOnClass did not find required class 'org.neo4j.driver.Driver' (OnClassCondition)

   Neo4jReactiveDataAutoConfiguration:
      Did not match:
         - @ConditionalOnClass did not find required class 'org.neo4j.driver.Driver' (OnClassCondition)

   Neo4jReactiveRepositoriesAutoConfiguration:
      Did not match:
         - @ConditionalOnClass did not find required class 'org.neo4j.driver.Driver' (OnClassCondition)

   Neo4jRepositoriesAutoConfiguration:
      Did not match:
         - @ConditionalOnClass did not find required class 'org.neo4j.driver.Driver' (OnClassCondition)

   NettyAutoConfiguration:
      Did not match:
         - @ConditionalOnClass did not find required class 'io.netty.util.NettyRuntime' (OnClassCondition)

   OAuth2AuthorizationServerAutoConfiguration:
      Did not match:
         - @ConditionalOnClass did not find required class 'org.springframework.security.oauth2.server.authorization.OAuth2Authorization' (OnClassCondition)

   OAuth2AuthorizationServerJwtAutoConfiguration:
      Did not match:
         - @ConditionalOnClass did not find required class 'org.springframework.security.oauth2.server.authorization.OAuth2Authorization' (OnClassCondition)

   OAuth2ClientAutoConfiguration:
      Did not match:
         - @ConditionalOnClass did not find required class 'org.springframework.security.config.annotation.web.configuration.EnableWebSecurity' (OnClassCondition)

   OAuth2ResourceServerAutoConfiguration:
      Did not match:
         - @ConditionalOnClass did not find required class 'org.springframework.security.oauth2.server.resource.authentication.BearerTokenAuthenticationToken' (OnClassCondition)

   ProjectInfoAutoConfiguration#buildProperties:
      Did not match:
         - @ConditionalOnResource did not find resource '${spring.info.build.location:classpath:META-INF/build-info.properties}' (OnResourceCondition)

   ProjectInfoAutoConfiguration#gitProperties:
      Did not match:
         - GitResource did not find git info at classpath:git.properties (ProjectInfoAutoConfiguration.GitResourceAvailableCondition)

   PulsarAutoConfiguration:
      Did not match:
         - @ConditionalOnClass did not find required class 'org.apache.pulsar.client.api.PulsarClient' (OnClassCondition)

   PulsarReactiveAutoConfiguration:
      Did not match:
         - @ConditionalOnClass did not find required class 'org.apache.pulsar.client.api.PulsarClient' (OnClassCondition)

   QuartzAutoConfiguration:
      Did not match:
         - @ConditionalOnClass did not find required class 'org.quartz.Scheduler' (OnClassCondition)

   R2dbcAutoConfiguration:
      Did not match:
         - @ConditionalOnClass did not find required class 'io.r2dbc.spi.ConnectionFactory' (OnClassCondition)

   R2dbcDataAutoConfiguration:
      Did not match:
         - @ConditionalOnClass did not find required class 'org.springframework.data.r2dbc.core.R2dbcEntityTemplate' (OnClassCondition)

   R2dbcInitializationConfiguration:
      Did not match:
         - @ConditionalOnClass did not find required classes 'io.r2dbc.spi.ConnectionFactory', 'org.springframework.r2dbc.connection.init.DatabasePopulator' (OnClassCondition)

   R2dbcProxyAutoConfiguration:
      Did not match:
         - @ConditionalOnClass did not find required class 'io.r2dbc.proxy.ProxyConnectionFactory' (OnClassCondition)

   R2dbcRepositoriesAutoConfiguration:
      Did not match:
         - @ConditionalOnClass did not find required class 'io.r2dbc.spi.ConnectionFactory' (OnClassCondition)

   R2dbcTransactionManagerAutoConfiguration:
      Did not match:
         - @ConditionalOnClass did not find required class 'org.springframework.r2dbc.connection.R2dbcTransactionManager' (OnClassCondition)

   RSocketGraphQlClientAutoConfiguration:
      Did not match:
         - @ConditionalOnClass did not find required class 'graphql.GraphQL' (OnClassCondition)

   RSocketMessagingAutoConfiguration:
      Did not match:
         - @ConditionalOnClass did not find required class 'io.rsocket.RSocket' (OnClassCondition)

   RSocketRequesterAutoConfiguration:
      Did not match:
         - @ConditionalOnClass did not find required class 'io.rsocket.RSocket' (OnClassCondition)

   RSocketSecurityAutoConfiguration:
      Did not match:
         - @ConditionalOnClass did not find required class 'org.springframework.security.rsocket.core.SecuritySocketAcceptorInterceptor' (OnClassCondition)

   RSocketServerAutoConfiguration:
      Did not match:
         - @ConditionalOnClass did not find required class 'io.rsocket.core.RSocketServer' (OnClassCondition)

   RSocketStrategiesAutoConfiguration:
      Did not match:
         - @ConditionalOnClass did not find required class 'io.netty.buffer.PooledByteBufAllocator' (OnClassCondition)

   RabbitAutoConfiguration:
      Did not match:
         - @ConditionalOnClass did not find required class 'com.rabbitmq.client.Channel' (OnClassCondition)

   ReactiveElasticsearchClientAutoConfiguration:
      Did not match:
         - @ConditionalOnClass did not find required class 'co.elastic.clients.transport.ElasticsearchTransport' (OnClassCondition)

   ReactiveElasticsearchRepositoriesAutoConfiguration:
      Did not match:
         - @ConditionalOnClass did not find required class 'reactor.core.publisher.Mono' (OnClassCondition)

   ReactiveMultipartAutoConfiguration:
      Did not match:
         - @ConditionalOnClass did not find required class 'org.springframework.http.codec.multipart.DefaultPartHttpMessageReader' (OnClassCondition)

   ReactiveOAuth2ClientAutoConfiguration:
      Did not match:
         - @ConditionalOnClass did not find required class 'reactor.core.publisher.Flux' (OnClassCondition)

   ReactiveOAuth2ResourceServerAutoConfiguration:
      Did not match:
         - @ConditionalOnClass did not find required class 'org.springframework.security.config.annotation.web.reactive.EnableWebFluxSecurity' (OnClassCondition)

   ReactiveSecurityAutoConfiguration:
      Did not match:
         - @ConditionalOnClass did not find required class 'reactor.core.publisher.Flux' (OnClassCondition)

   ReactiveUserDetailsServiceAutoConfiguration:
      Did not match:
         - @ConditionalOnClass did not find required class 'org.springframework.security.authentication.ReactiveAuthenticationManager' (OnClassCondition)

   ReactiveWebServerFactoryAutoConfiguration:
      Did not match:
         - @ConditionalOnClass did not find required class 'org.springframework.http.ReactiveHttpInputMessage' (OnClassCondition)

   ReactorAutoConfiguration:
      Did not match:
         - @ConditionalOnClass did not find required class 'reactor.core.publisher.Hooks' (OnClassCondition)

   RedisAutoConfiguration:
      Did not match:
         - @ConditionalOnClass did not find required class 'org.springframework.data.redis.core.RedisOperations' (OnClassCondition)

   RedisCacheConfiguration:
      Did not match:
         - @ConditionalOnClass did not find required class 'org.springframework.data.redis.connection.RedisConnectionFactory' (OnClassCondition)

   RedisReactiveAutoConfiguration:
      Did not match:
         - @ConditionalOnClass did not find required class 'reactor.core.publisher.Flux' (OnClassCondition)

   RedisRepositoriesAutoConfiguration:
      Did not match:
         - @ConditionalOnClass did not find required class 'org.springframework.data.redis.repository.configuration.EnableRedisRepositories' (OnClassCondition)

   RepositoryRestMvcAutoConfiguration:
      Did not match:
         - @ConditionalOnClass did not find required class 'org.springframework.data.rest.webmvc.config.RepositoryRestMvcConfiguration' (OnClassCondition)

   RestClientAutoConfiguration:
      Did not match:
         - @ConditionalOnClass did not find required class 'org.springframework.web.client.RestClient' (OnClassCondition)

   RestTemplateAutoConfiguration:
      Did not match:
         - @ConditionalOnClass did not find required class 'org.springframework.web.client.RestTemplate' (OnClassCondition)

   Saml2RelyingPartyAutoConfiguration:
      Did not match:
         - @ConditionalOnClass did not find required class 'org.springframework.security.saml2.provider.service.registration.RelyingPartyRegistrationRepository' (OnClassCondition)

   SecurityAutoConfiguration:
      Did not match:
         - @ConditionalOnClass did not find required class 'org.springframework.security.authentication.DefaultAuthenticationEventPublisher' (OnClassCondition)

   SecurityFilterAutoConfiguration:
      Did not match:
         - @ConditionalOnClass did not find required class 'org.springframework.security.config.http.SessionCreationPolicy' (OnClassCondition)

   SendGridAutoConfiguration:
      Did not match:
         - @ConditionalOnClass did not find required class 'com.sendgrid.SendGrid' (OnClassCondition)

   ServletWebServerFactoryAutoConfiguration:
      Did not match:
         - @ConditionalOnClass did not find required class 'jakarta.servlet.ServletRequest' (OnClassCondition)

   SessionAutoConfiguration:
      Did not match:
         - @ConditionalOnClass did not find required class 'org.springframework.session.Session' (OnClassCondition)

   SpringApplicationAdminJmxAutoConfiguration:
      Did not match:
         - @ConditionalOnProperty (spring.application.admin.enabled=true) did not find property 'enabled' (OnPropertyCondition)

   SpringDataWebAutoConfiguration:
      Did not match:
         - @ConditionalOnClass did not find required class 'org.springframework.data.web.PageableHandlerMethodArgumentResolver' (OnClassCondition)

   TaskExecutorConfigurations.SimpleAsyncTaskExecutorBuilderConfiguration#simpleAsyncTaskExecutorBuilderVirtualThreads:
      Did not match:
         - @ConditionalOnMissingBean (types: org.springframework.boot.task.SimpleAsyncTaskExecutorBuilder; SearchStrategy: all) found beans of type 'org.springframework.boot.task.SimpleAsyncTaskExecutorBuilder' simpleAsyncTaskExecutorBuilder (OnBeanCondition)

   TaskExecutorConfigurations.TaskExecutorConfiguration#applicationTaskExecutorVirtualThreads:
      Did not match:
         - @ConditionalOnThreading did not find VIRTUAL (OnThreadingCondition)

   TaskSchedulingAutoConfiguration#scheduledBeanLazyInitializationExcludeFilter:
      Did not match:
         - @ConditionalOnBean (names: org.springframework.context.annotation.internalScheduledAnnotationProcessor; SearchStrategy: all) did not find any beans named org.springframework.context.annotation.internalScheduledAnnotationProcessor (OnBeanCondition)

   TaskSchedulingConfigurations.SimpleAsyncTaskSchedulerBuilderConfiguration#simpleAsyncTaskSchedulerBuilderVirtualThreads:
      Did not match:
         - @ConditionalOnMissingBean (types: org.springframework.boot.task.SimpleAsyncTaskSchedulerBuilder; SearchStrategy: all) found beans of type 'org.springframework.boot.task.SimpleAsyncTaskSchedulerBuilder' simpleAsyncTaskSchedulerBuilder (OnBeanCondition)

   TaskSchedulingConfigurations.TaskSchedulerConfiguration:
      Did not match:
         - @ConditionalOnBean (names: org.springframework.context.annotation.internalScheduledAnnotationProcessor; SearchStrategy: all) did not find any beans named org.springframework.context.annotation.internalScheduledAnnotationProcessor (OnBeanCondition)

   ThymeleafAutoConfiguration:
      Did not match:
         - @ConditionalOnClass did not find required class 'org.thymeleaf.spring6.SpringTemplateEngine' (OnClassCondition)

   TransactionAutoConfiguration#transactionalOperator:
      Did not match:
         - @ConditionalOnSingleCandidate (types: org.springframework.transaction.ReactiveTransactionManager; SearchStrategy: all) did not find any beans (OnBeanCondition)

   TransactionAutoConfiguration.AspectJTransactionManagementConfiguration:
      Did not match:
         - @ConditionalOnBean did not find required type 'org.springframework.transaction.aspectj.AbstractTransactionAspect' (OnBeanCondition)
         - @ConditionalOnBean (types: org.springframework.transaction.aspectj.AbstractTransactionAspect; SearchStrategy: all) did not find any beans of type org.springframework.transaction.aspectj.AbstractTransactionAspect (OnBeanCondition)

   TransactionAutoConfiguration.EnableTransactionManagementConfiguration.JdkDynamicAutoProxyConfiguration:
      Did not match:
         - @ConditionalOnProperty (spring.aop.proxy-target-class=false) did not find property 'proxy-target-class' (OnPropertyCondition)

   UserDetailsServiceAutoConfiguration:
      Did not match:
         - @ConditionalOnClass did not find required class 'org.springframework.security.authentication.AuthenticationManager' (OnClassCondition)

   ValidationAutoConfiguration:
      Did not match:
         - @ConditionalOnClass did not find required class 'jakarta.validation.executable.ExecutableValidator' (OnClassCondition)

   WebClientAutoConfiguration:
      Did not match:
         - @ConditionalOnClass did not find required class 'org.springframework.web.reactive.function.client.WebClient' (OnClassCondition)

   WebFluxAutoConfiguration:
      Did not match:
         - @ConditionalOnClass did not find required class 'org.springframework.web.reactive.config.WebFluxConfigurer' (OnClassCondition)

   WebMvcAutoConfiguration:
      Did not match:
         - @ConditionalOnClass did not find required class 'jakarta.servlet.Servlet' (OnClassCondition)

   WebServiceTemplateAutoConfiguration:
      Did not match:
         - @ConditionalOnClass did not find required class 'org.springframework.oxm.Marshaller' (OnClassCondition)

   WebServicesAutoConfiguration:
      Did not match:
         - @ConditionalOnClass did not find required class 'org.springframework.ws.transport.http.MessageDispatcherServlet' (OnClassCondition)

   WebSessionIdResolverAutoConfiguration:
      Did not match:
         - @ConditionalOnClass did not find required class 'reactor.core.publisher.Mono' (OnClassCondition)

   WebSocketMessagingAutoConfiguration:
      Did not match:
         - @ConditionalOnClass did not find required class 'org.springframework.web.socket.config.annotation.WebSocketMessageBrokerConfigurer' (OnClassCondition)

   WebSocketReactiveAutoConfiguration:
      Did not match:
         - @ConditionalOnClass did not find required class 'jakarta.servlet.Servlet' (OnClassCondition)

   WebSocketServletAutoConfiguration:
      Did not match:
         - @ConditionalOnClass did not find required class 'jakarta.servlet.Servlet' (OnClassCondition)

   XADataSourceAutoConfiguration:
      Did not match:
         - @ConditionalOnClass did not find required class 'jakarta.transaction.TransactionManager' (OnClassCondition)


Exclusions:
-----------

    None


Unconditional classes:
----------------------

    org.springframework.boot.autoconfigure.context.ConfigurationPropertiesAutoConfiguration

    org.springframework.boot.autoconfigure.ssl.SslAutoConfiguration

    org.springframework.boot.autoconfigure.context.LifecycleAutoConfiguration

    org.springframework.boot.autoconfigure.context.PropertyPlaceholderAutoConfiguration

    org.springframework.boot.autoconfigure.availability.ApplicationAvailabilityAutoConfiguration

    org.springframework.boot.autoconfigure.info.ProjectInfoAutoConfiguration



21:48:59.330 [Test worker] INFO  h.jdbc.service.MemberServiceV5Test -- Started MemberServiceV5Test in 0.947 seconds (process running for 2.09)
21:48:59.332 [Test worker] DEBUG o.s.b.a.ApplicationAvailabilityBean -- Application availability state LivenessState changed to CORRECT
21:48:59.334 [Test worker] DEBUG o.s.b.a.ApplicationAvailabilityBean -- Application availability state ReadinessState changed to ACCEPTING_TRAFFIC
21:48:59.336 [Test worker] DEBUG o.springframework.test.context.cache -- Spring test ApplicationContext cache statistics: [DefaultContextCache@321ca237 size = 1, maxSize = 32, parentContextCount = 0, hitCount = 0, missCount = 1, failureCount = 0]
21:48:59.341 [Test worker] DEBUG o.springframework.test.context.cache -- Spring test ApplicationContext cache statistics: [DefaultContextCache@321ca237 size = 1, maxSize = 32, parentContextCount = 0, hitCount = 1, missCount = 1, failureCount = 0]
21:48:59.344 [Test worker] DEBUG o.s.t.c.s.DirtiesContextBeforeModesTestExecutionListener -- Before test method: class [MemberServiceV5Test], method [AopCheck], class annotated with @DirtiesContext [false] with mode [null], method annotated with @DirtiesContext [false] with mode [null]
21:48:59.346 [Test worker] DEBUG o.springframework.test.context.cache -- Spring test ApplicationContext cache statistics: [DefaultContextCache@321ca237 size = 1, maxSize = 32, parentContextCount = 0, hitCount = 2, missCount = 1, failureCount = 0]
21:48:59.347 [Test worker] DEBUG o.springframework.test.context.cache -- Spring test ApplicationContext cache statistics: [DefaultContextCache@321ca237 size = 1, maxSize = 32, parentContextCount = 0, hitCount = 3, missCount = 1, failureCount = 0]
21:48:59.948 [Test worker] DEBUG o.springframework.test.context.cache -- Spring test ApplicationContext cache statistics: [DefaultContextCache@321ca237 size = 1, maxSize = 32, parentContextCount = 0, hitCount = 4, missCount = 1, failureCount = 0]
21:48:59.951 [Test worker] DEBUG o.springframework.test.context.cache -- Spring test ApplicationContext cache statistics: [DefaultContextCache@321ca237 size = 1, maxSize = 32, parentContextCount = 0, hitCount = 5, missCount = 1, failureCount = 0]
21:48:59.955 [Test worker] INFO  h.jdbc.service.MemberServiceV5Test -- memberService class=class hello.jdbc.service.MemberServiceV4$$SpringCGLIB$$0
21:48:59.955 [Test worker] INFO  h.jdbc.service.MemberServiceV5Test -- memberRepository class=class hello.jdbc.repository.MemberRepositoryV5
21:48:59.956 [Test worker] DEBUG o.springframework.test.context.cache -- Spring test ApplicationContext cache statistics: [DefaultContextCache@321ca237 size = 1, maxSize = 32, parentContextCount = 0, hitCount = 6, missCount = 1, failureCount = 0]
21:48:59.959 [Test worker] DEBUG o.s.jdbc.core.JdbcTemplate -- Executing prepared SQL update
21:48:59.959 [Test worker] DEBUG o.s.jdbc.core.JdbcTemplate -- Executing prepared SQL statement [delete from member where member_id = ?]
21:48:59.962 [Test worker] DEBUG o.s.jdbc.datasource.DataSourceUtils -- Fetching JDBC Connection from DataSource
21:48:59.962 [Test worker] DEBUG com.zaxxer.hikari.HikariConfig -- HikariPool-1 - configuration:
21:48:59.966 [Test worker] DEBUG com.zaxxer.hikari.HikariConfig -- allowPoolSuspension.............false
21:48:59.966 [Test worker] DEBUG com.zaxxer.hikari.HikariConfig -- autoCommit......................true
21:48:59.966 [Test worker] DEBUG com.zaxxer.hikari.HikariConfig -- catalog.........................none
21:48:59.967 [Test worker] DEBUG com.zaxxer.hikari.HikariConfig -- connectionInitSql...............none
21:48:59.967 [Test worker] DEBUG com.zaxxer.hikari.HikariConfig -- connectionTestQuery.............none
21:48:59.967 [Test worker] DEBUG com.zaxxer.hikari.HikariConfig -- connectionTimeout...............30000
21:48:59.967 [Test worker] DEBUG com.zaxxer.hikari.HikariConfig -- dataSource......................none
21:48:59.968 [Test worker] DEBUG com.zaxxer.hikari.HikariConfig -- dataSourceClassName.............none
21:48:59.968 [Test worker] DEBUG com.zaxxer.hikari.HikariConfig -- dataSourceJNDI..................none
21:48:59.968 [Test worker] DEBUG com.zaxxer.hikari.HikariConfig -- dataSourceProperties............{password=<masked>}
21:48:59.968 [Test worker] DEBUG com.zaxxer.hikari.HikariConfig -- driverClassName................."org.h2.Driver"
21:48:59.969 [Test worker] DEBUG com.zaxxer.hikari.HikariConfig -- exceptionOverrideClassName......none
21:48:59.969 [Test worker] DEBUG com.zaxxer.hikari.HikariConfig -- healthCheckProperties...........{}
21:48:59.969 [Test worker] DEBUG com.zaxxer.hikari.HikariConfig -- healthCheckRegistry.............none
21:48:59.969 [Test worker] DEBUG com.zaxxer.hikari.HikariConfig -- idleTimeout.....................600000
21:48:59.969 [Test worker] DEBUG com.zaxxer.hikari.HikariConfig -- initializationFailTimeout.......1
21:48:59.969 [Test worker] DEBUG com.zaxxer.hikari.HikariConfig -- isolateInternalQueries..........false
21:48:59.969 [Test worker] DEBUG com.zaxxer.hikari.HikariConfig -- jdbcUrl.........................jdbc:h2:tcp://localhost/~/test
21:48:59.970 [Test worker] DEBUG com.zaxxer.hikari.HikariConfig -- keepaliveTime...................0
21:48:59.970 [Test worker] DEBUG com.zaxxer.hikari.HikariConfig -- leakDetectionThreshold..........0
21:48:59.970 [Test worker] DEBUG com.zaxxer.hikari.HikariConfig -- maxLifetime.....................1800000
21:48:59.970 [Test worker] DEBUG com.zaxxer.hikari.HikariConfig -- maximumPoolSize.................10
21:48:59.970 [Test worker] DEBUG com.zaxxer.hikari.HikariConfig -- metricRegistry..................none
21:48:59.970 [Test worker] DEBUG com.zaxxer.hikari.HikariConfig -- metricsTrackerFactory...........none
[...]
21:49:00.054 [Test worker] DEBUG o.springframework.test.context.cache -- Spring test ApplicationContext cache statistics: [DefaultContextCache@321ca237 size = 1, maxSize = 32, parentContextCount = 0, hitCount = 10, missCount = 1, failureCount = 0]
21:49:00.055 [Test worker] DEBUG o.springframework.test.context.cache -- Spring test ApplicationContext cache statistics: [DefaultContextCache@321ca237 size = 1, maxSize = 32, parentContextCount = 0, hitCount = 11, missCount = 1, failureCount = 0]
21:49:00.057 [Test worker] DEBUG o.springframework.test.context.cache -- Spring test ApplicationContext cache statistics: [DefaultContextCache@321ca237 size = 1, maxSize = 32, parentContextCount = 0, hitCount = 12, missCount = 1, failureCount = 0]
21:49:00.058 [Test worker] DEBUG o.s.t.c.s.DirtiesContextTestExecutionListener -- After test method: class [MemberServiceV5Test], method [AopCheck], class annotated with @DirtiesContext [false] with mode [null], method annotated with @DirtiesContext [false] with mode [null]
21:49:00.065 [Test worker] DEBUG o.s.t.c.s.DependencyInjectionTestExecutionListener -- Performing dependency injection for test class hello.jdbc.service.MemberServiceV5Test
21:49:00.065 [Test worker] DEBUG o.springframework.test.context.cache -- Spring test ApplicationContext cache statistics: [DefaultContextCache@321ca237 size = 1, maxSize = 32, parentContextCount = 0, hitCount = 13, missCount = 1, failureCount = 0]
21:49:00.066 [Test worker] DEBUG o.springframework.test.context.cache -- Spring test ApplicationContext cache statistics: [DefaultContextCache@321ca237 size = 1, maxSize = 32, parentContextCount = 0, hitCount = 14, missCount = 1, failureCount = 0]
21:49:00.067 [Test worker] DEBUG o.s.t.c.s.DirtiesContextBeforeModesTestExecutionListener -- Before test method: class [MemberServiceV5Test], method [accountTransferEx], class annotated with @DirtiesContext [false] with mode [null], method annotated with @DirtiesContext [false] with mode [null]
21:49:00.067 [Test worker] DEBUG o.springframework.test.context.cache -- Spring test ApplicationContext cache statistics: [DefaultContextCache@321ca237 size = 1, maxSize = 32, parentContextCount = 0, hitCount = 15, missCount = 1, failureCount = 0]
21:49:00.067 [Test worker] DEBUG o.springframework.test.context.cache -- Spring test ApplicationContext cache statistics: [DefaultContextCache@321ca237 size = 1, maxSize = 32, parentContextCount = 0, hitCount = 16, missCount = 1, failureCount = 0]
21:49:00.068 [Test worker] DEBUG o.springframework.test.context.cache -- Spring test ApplicationContext cache statistics: [DefaultContextCache@321ca237 size = 1, maxSize = 32, parentContextCount = 0, hitCount = 17, missCount = 1, failureCount = 0]
21:49:00.069 [Test worker] DEBUG o.springframework.test.context.cache -- Spring test ApplicationContext cache statistics: [DefaultContextCache@321ca237 size = 1, maxSize = 32, parentContextCount = 0, hitCount = 18, missCount = 1, failureCount = 0]
21:49:00.069 [Test worker] DEBUG o.s.jdbc.core.JdbcTemplate -- Executing prepared SQL update
21:49:00.069 [Test worker] DEBUG o.s.jdbc.core.JdbcTemplate -- Executing prepared SQL statement [insert into member(member_id, money) values(?,?)]
21:49:00.069 [Test worker] DEBUG o.s.jdbc.datasource.DataSourceUtils -- Fetching JDBC Connection from DataSource
21:49:00.074 [Test worker] DEBUG o.s.jdbc.core.JdbcTemplate -- Executing prepared SQL update
21:49:00.074 [Test worker] DEBUG o.s.jdbc.core.JdbcTemplate -- Executing prepared SQL statement [insert into member(member_id, money) values(?,?)]
21:49:00.074 [Test worker] DEBUG o.s.jdbc.datasource.DataSourceUtils -- Fetching JDBC Connection from DataSource
21:49:00.107 [Test worker] DEBUG o.s.j.support.JdbcTransactionManager -- Creating new transaction with name [hello.jdbc.service.MemberServiceV4.accountTransfer]: PROPAGATION_REQUIRED,ISOLATION_DEFAULT
21:49:00.109 [Test worker] DEBUG o.s.j.support.JdbcTransactionManager -- Acquired Connection [HikariProxyConnection@1855590605 wrapping conn0: url=jdbc:h2:tcp://localhost/~/test user=SA] for JDBC transaction
21:49:00.112 [Test worker] DEBUG o.s.j.support.JdbcTransactionManager -- Switching JDBC Connection [HikariProxyConnection@1855590605 wrapping conn0: url=jdbc:h2:tcp://localhost/~/test user=SA] to manual commit
21:49:00.114 [Test worker] DEBUG o.s.jdbc.core.JdbcTemplate -- Executing prepared SQL query
21:49:00.114 [Test worker] DEBUG o.s.jdbc.core.JdbcTemplate -- Executing prepared SQL statement [select * from member where member_id = ?]
21:49:00.123 [Test worker] DEBUG o.s.jdbc.core.JdbcTemplate -- Executing prepared SQL query
21:49:00.123 [Test worker] DEBUG o.s.jdbc.core.JdbcTemplate -- Executing prepared SQL statement [select * from member where member_id = ?]
21:49:00.124 [Test worker] DEBUG o.s.jdbc.core.JdbcTemplate -- Executing prepared SQL update
21:49:00.124 [Test worker] DEBUG o.s.jdbc.core.JdbcTemplate -- Executing prepared SQL statement [update member set money = ? where member_id = ?]
21:49:00.125 [Test worker] DEBUG o.s.j.support.JdbcTransactionManager -- Initiating transaction rollback
21:49:00.126 [Test worker] DEBUG o.s.j.support.JdbcTransactionManager -- Rolling back JDBC transaction on Connection [HikariProxyConnection@1855590605 wrapping conn0: url=jdbc:h2:tcp://localhost/~/test user=SA]
21:49:00.130 [Test worker] DEBUG o.s.j.support.JdbcTransactionManager -- Releasing JDBC Connection [HikariProxyConnection@1855590605 wrapping conn0: url=jdbc:h2:tcp://localhost/~/test user=SA] after transaction
21:49:00.141 [Test worker] DEBUG o.s.jdbc.core.JdbcTemplate -- Executing prepared SQL query
21:49:00.141 [Test worker] DEBUG o.s.jdbc.core.JdbcTemplate -- Executing prepared SQL statement [select * from member where member_id = ?]
21:49:00.141 [Test worker] DEBUG o.s.jdbc.datasource.DataSourceUtils -- Fetching JDBC Connection from DataSource
21:49:00.142 [Test worker] DEBUG o.s.jdbc.core.JdbcTemplate -- Executing prepared SQL query
21:49:00.142 [Test worker] DEBUG o.s.jdbc.core.JdbcTemplate -- Executing prepared SQL statement [select * from member where member_id = ?]
21:49:00.142 [Test worker] DEBUG o.s.jdbc.datasource.DataSourceUtils -- Fetching JDBC Connection from DataSource
21:49:00.145 [Test worker] DEBUG o.springframework.test.context.cache -- Spring test ApplicationContext cache statistics: [DefaultContextCache@321ca237 size = 1, maxSize = 32, parentContextCount = 0, hitCount = 19, missCount = 1, failureCount = 0]
21:49:00.145 [Test worker] DEBUG o.s.jdbc.core.JdbcTemplate -- Executing prepared SQL update
21:49:00.145 [Test worker] DEBUG o.s.jdbc.core.JdbcTemplate -- Executing prepared SQL statement [delete from member where member_id = ?]
21:49:00.145 [Test worker] DEBUG o.s.jdbc.datasource.DataSourceUtils -- Fetching JDBC Connection from DataSource
21:49:00.146 [Test worker] DEBUG o.s.jdbc.core.JdbcTemplate -- Executing prepared SQL update
21:49:00.146 [Test worker] DEBUG o.s.jdbc.core.JdbcTemplate -- Executing prepared SQL statement [delete from member where member_id = ?]
21:49:00.146 [Test worker] DEBUG o.s.jdbc.datasource.DataSourceUtils -- Fetching JDBC Connection from DataSource
21:49:00.147 [Test worker] DEBUG o.s.jdbc.core.JdbcTemplate -- Executing prepared SQL update
21:49:00.147 [Test worker] DEBUG o.s.jdbc.core.JdbcTemplate -- Executing prepared SQL statement [delete from member where member_id = ?]
21:49:00.147 [Test worker] DEBUG o.s.jdbc.datasource.DataSourceUtils -- Fetching JDBC Connection from DataSource
21:49:00.148 [Test worker] DEBUG o.springframework.test.context.cache -- Spring test ApplicationContext cache statistics: [DefaultContextCache@321ca237 size = 1, maxSize = 32, parentContextCount = 0, hitCount = 20, missCount = 1, failureCount = 0]
21:49:00.148 [Test worker] DEBUG o.springframework.test.context.cache -- Spring test ApplicationContext cache statistics: [DefaultContextCache@321ca237 size = 1, maxSize = 32, parentContextCount = 0, hitCount = 21, missCount = 1, failureCount = 0]
21:49:00.148 [Test worker] DEBUG o.springframework.test.context.cache -- Spring test ApplicationContext cache statistics: [DefaultContextCache@321ca237 size = 1, maxSize = 32, parentContextCount = 0, hitCount = 22, missCount = 1, failureCount = 0]
21:49:00.149 [Test worker] DEBUG o.springframework.test.context.cache -- Spring test ApplicationContext cache statistics: [DefaultContextCache@321ca237 size = 1, maxSize = 32, parentContextCount = 0, hitCount = 23, missCount = 1, failureCount = 0]
21:49:00.149 [Test worker] DEBUG o.springframework.test.context.cache -- Spring test ApplicationContext cache statistics: [DefaultContextCache@321ca237 size = 1, maxSize = 32, parentContextCount = 0, hitCount = 24, missCount = 1, failureCount = 0]
21:49:00.149 [Test worker] DEBUG o.springframework.test.context.cache -- Spring test ApplicationContext cache statistics: [DefaultContextCache@321ca237 size = 1, maxSize = 32, parentContextCount = 0, hitCount = 25, missCount = 1, failureCount = 0]
21:49:00.150 [Test worker] DEBUG o.s.t.c.s.DirtiesContextTestExecutionListener -- After test method: class [MemberServiceV5Test], method [accountTransferEx], class annotated with @DirtiesContext [false] with mode [null], method annotated with @DirtiesContext [false] with mode [null]
21:49:00.150 [HikariPool-1 housekeeper] DEBUG com.zaxxer.hikari.pool.HikariPool -- HikariPool-1 - Pool stats (total=1, active=0, idle=1, waiting=0)
21:49:00.151 [Test worker] DEBUG o.s.t.c.s.DependencyInjectionTestExecutionListener -- Performing dependency injection for test class hello.jdbc.service.MemberServiceV5Test
21:49:00.151 [Test worker] DEBUG o.springframework.test.context.cache -- Spring test ApplicationContext cache statistics: [DefaultContextCache@321ca237 size = 1, maxSize = 32, parentContextCount = 0, hitCount = 26, missCount = 1, failureCount = 0]
21:49:00.152 [Test worker] DEBUG o.springframework.test.context.cache -- Spring test ApplicationContext cache statistics: [DefaultContextCache@321ca237 size = 1, maxSize = 32, parentContextCount = 0, hitCount = 27, missCount = 1, failureCount = 0]
21:49:00.153 [Test worker] DEBUG o.s.t.c.s.DirtiesContextBeforeModesTestExecutionListener -- Before test method: class [MemberServiceV5Test], method [accountTransfer], class annotated with @DirtiesContext [false] with mode [null], method annotated with @DirtiesContext [false] with mode [null]
21:49:00.153 [Test worker] DEBUG o.springframework.test.context.cache -- Spring test ApplicationContext cache statistics: [DefaultContextCache@321ca237 size = 1, maxSize = 32, parentContextCount = 0, hitCount = 28, missCount = 1, failureCount = 0]
21:49:00.153 [Test worker] DEBUG o.springframework.test.context.cache -- Spring test ApplicationContext cache statistics: [DefaultContextCache@321ca237 size = 1, maxSize = 32, parentContextCount = 0, hitCount = 29, missCount = 1, failureCount = 0]
21:49:00.154 [Test worker] DEBUG o.springframework.test.context.cache -- Spring test ApplicationContext cache statistics: [DefaultContextCache@321ca237 size = 1, maxSize = 32, parentContextCount = 0, hitCount = 30, missCount = 1, failureCount = 0]
21:49:00.154 [HikariPool-1 connection adder] DEBUG com.zaxxer.hikari.pool.HikariPool -- HikariPool-1 - Added connection conn1: url=jdbc:h2:tcp://localhost/~/test user=SA
21:49:00.155 [Test worker] DEBUG o.springframework.test.context.cache -- Spring test ApplicationContext cache statistics: [DefaultContextCache@321ca237 size = 1, maxSize = 32, parentContextCount = 0, hitCount = 31, missCount = 1, failureCount = 0]
21:49:00.155 [Test worker] DEBUG o.s.jdbc.core.JdbcTemplate -- Executing prepared SQL update
21:49:00.155 [Test worker] DEBUG o.s.jdbc.core.JdbcTemplate -- Executing prepared SQL statement [insert into member(member_id, money) values(?,?)]
21:49:00.155 [Test worker] DEBUG o.s.jdbc.datasource.DataSourceUtils -- Fetching JDBC Connection from DataSource
21:49:00.156 [Test worker] DEBUG o.s.jdbc.core.JdbcTemplate -- Executing prepared SQL update
21:49:00.156 [Test worker] DEBUG o.s.jdbc.core.JdbcTemplate -- Executing prepared SQL statement [insert into member(member_id, money) values(?,?)]
21:49:00.156 [Test worker] DEBUG o.s.jdbc.datasource.DataSourceUtils -- Fetching JDBC Connection from DataSource
21:49:00.156 [Test worker] INFO  h.jdbc.service.MemberServiceV5Test -- START TX
21:49:00.156 [Test worker] DEBUG o.s.j.support.JdbcTransactionManager -- Creating new transaction with name [hello.jdbc.service.MemberServiceV4.accountTransfer]: PROPAGATION_REQUIRED,ISOLATION_DEFAULT
21:49:00.157 [Test worker] DEBUG o.s.j.support.JdbcTransactionManager -- Acquired Connection [HikariProxyConnection@469391891 wrapping conn0: url=jdbc:h2:tcp://localhost/~/test user=SA] for JDBC transaction
21:49:00.157 [Test worker] DEBUG o.s.j.support.JdbcTransactionManager -- Switching JDBC Connection [HikariProxyConnection@469391891 wrapping conn0: url=jdbc:h2:tcp://localhost/~/test user=SA] to manual commit
21:49:00.157 [Test worker] DEBUG o.s.jdbc.core.JdbcTemplate -- Executing prepared SQL query
21:49:00.157 [Test worker] DEBUG o.s.jdbc.core.JdbcTemplate -- Executing prepared SQL statement [select * from member where member_id = ?]
21:49:00.157 [Test worker] DEBUG o.s.jdbc.core.JdbcTemplate -- Executing prepared SQL query
21:49:00.157 [Test worker] DEBUG o.s.jdbc.core.JdbcTemplate -- Executing prepared SQL statement [select * from member where member_id = ?]
21:49:00.158 [Test worker] DEBUG o.s.jdbc.core.JdbcTemplate -- Executing prepared SQL update
21:49:00.158 [Test worker] DEBUG o.s.jdbc.core.JdbcTemplate -- Executing prepared SQL statement [update member set money = ? where member_id = ?]
21:49:00.159 [Test worker] DEBUG o.s.jdbc.core.JdbcTemplate -- Executing prepared SQL update
21:49:00.159 [Test worker] DEBUG o.s.jdbc.core.JdbcTemplate -- Executing prepared SQL statement [update member set money = ? where member_id = ?]
21:49:00.159 [Test worker] DEBUG o.s.j.support.JdbcTransactionManager -- Initiating transaction commit
21:49:00.160 [Test worker] DEBUG o.s.j.support.JdbcTransactionManager -- Committing JDBC transaction on Connection [HikariProxyConnection@469391891 wrapping conn0: url=jdbc:h2:tcp://localhost/~/test user=SA]
21:49:00.161 [Test worker] DEBUG o.s.j.support.JdbcTransactionManager -- Releasing JDBC Connection [HikariProxyConnection@469391891 wrapping conn0: url=jdbc:h2:tcp://localhost/~/test user=SA] after transaction
21:49:00.161 [Test worker] INFO  h.jdbc.service.MemberServiceV5Test -- START EX
21:49:00.161 [Test worker] DEBUG o.s.jdbc.core.JdbcTemplate -- Executing prepared SQL query
21:49:00.161 [Test worker] DEBUG o.s.jdbc.core.JdbcTemplate -- Executing prepared SQL statement [select * from member where member_id = ?]
21:49:00.161 [Test worker] DEBUG o.s.jdbc.datasource.DataSourceUtils -- Fetching JDBC Connection from DataSource
21:49:00.161 [Test worker] DEBUG o.s.jdbc.core.JdbcTemplate -- Executing prepared SQL query
21:49:00.162 [Test worker] DEBUG o.s.jdbc.core.JdbcTemplate -- Executing prepared SQL statement [select * from member where member_id = ?]
21:49:00.162 [Test worker] DEBUG o.s.jdbc.datasource.DataSourceUtils -- Fetching JDBC Connection from DataSource
21:49:00.162 [Test worker] DEBUG o.springframework.test.context.cache -- Spring test ApplicationContext cache statistics: [DefaultContextCache@321ca237 size = 1, maxSize = 32, parentContextCount = 0, hitCount = 32, missCount = 1, failureCount = 0]
21:49:00.162 [Test worker] DEBUG o.s.jdbc.core.JdbcTemplate -- Executing prepared SQL update
21:49:00.162 [Test worker] DEBUG o.s.jdbc.core.JdbcTemplate -- Executing prepared SQL statement [delete from member where member_id = ?]
21:49:00.162 [Test worker] DEBUG o.s.jdbc.datasource.DataSourceUtils -- Fetching JDBC Connection from DataSource
21:49:00.163 [Test worker] DEBUG o.s.jdbc.core.JdbcTemplate -- Executing prepared SQL update
21:49:00.163 [Test worker] DEBUG o.s.jdbc.core.JdbcTemplate -- Executing prepared SQL statement [delete from member where member_id = ?]
21:49:00.163 [Test worker] DEBUG o.s.jdbc.datasource.DataSourceUtils -- Fetching JDBC Connection from DataSource
21:49:00.164 [Test worker] DEBUG o.s.jdbc.core.JdbcTemplate -- Executing prepared SQL update
21:49:00.164 [Test worker] DEBUG o.s.jdbc.core.JdbcTemplate -- Executing prepared SQL statement [delete from member where member_id = ?]
21:49:00.164 [Test worker] DEBUG o.s.jdbc.datasource.DataSourceUtils -- Fetching JDBC Connection from DataSource
21:49:00.165 [Test worker] DEBUG o.springframework.test.context.cache -- Spring test ApplicationContext cache statistics: [DefaultContextCache@321ca237 size = 1, maxSize = 32, parentContextCount = 0, hitCount = 33, missCount = 1, failureCount = 0]
21:49:00.165 [Test worker] DEBUG o.springframework.test.context.cache -- Spring test ApplicationContext cache statistics: [DefaultContextCache@321ca237 size = 1, maxSize = 32, parentContextCount = 0, hitCount = 34, missCount = 1, failureCount = 0]
21:49:00.166 [Test worker] DEBUG o.springframework.test.context.cache -- Spring test ApplicationContext cache statistics: [DefaultContextCache@321ca237 size = 1, maxSize = 32, parentContextCount = 0, hitCount = 35, missCount = 1, failureCount = 0]
21:49:00.166 [Test worker] DEBUG o.springframework.test.context.cache -- Spring test ApplicationContext cache statistics: [DefaultContextCache@321ca237 size = 1, maxSize = 32, parentContextCount = 0, hitCount = 36, missCount = 1, failureCount = 0]
21:49:00.166 [Test worker] DEBUG o.springframework.test.context.cache -- Spring test ApplicationContext cache statistics: [DefaultContextCache@321ca237 size = 1, maxSize = 32, parentContextCount = 0, hitCount = 37, missCount = 1, failureCount = 0]
21:49:00.166 [Test worker] DEBUG o.springframework.test.context.cache -- Spring test ApplicationContext cache statistics: [DefaultContextCache@321ca237 size = 1, maxSize = 32, parentContextCount = 0, hitCount = 38, missCount = 1, failureCount = 0]
21:49:00.167 [Test worker] DEBUG o.s.t.c.s.DirtiesContextTestExecutionListener -- After test method: class [MemberServiceV5Test], method [accountTransfer], class annotated with @DirtiesContext [false] with mode [null], method annotated with @DirtiesContext [false] with mode [null]
21:49:00.168 [Test worker] DEBUG o.springframework.test.context.cache -- Spring test ApplicationContext cache statistics: [DefaultContextCache@321ca237 size = 1, maxSize = 32, parentContextCount = 0, hitCount = 39, missCount = 1, failureCount = 0]
21:49:00.168 [Test worker] DEBUG o.springframework.test.context.cache -- Spring test ApplicationContext cache statistics: [DefaultContextCache@321ca237 size = 1, maxSize = 32, parentContextCount = 0, hitCount = 40, missCount = 1, failureCount = 0]
21:49:00.168 [Test worker] DEBUG o.s.t.c.s.DirtiesContextTestExecutionListener -- After test class: class [MemberServiceV5Test], class annotated with @DirtiesContext [false] with mode [null]
]]></system-out>
  <system-err><![CDATA[Mockito is currently self-attaching to enable the inline-mock-maker. This will no longer work in future releases of the JDK. Please add Mockito as an agent to your build what is described in Mockito's documentation: https://javadoc.io/doc/org.mockito/mockito-core/latest/org/mockito/Mockito.html#0.3
WARNING: A Java agent has been loaded dynamically (C:\Users\starl\.gradle\caches\modules-2\files-2.1\net.bytebuddy\byte-buddy-agent\1.15.11\a38b16385e867f59a641330f0362ebe742788ed8\byte-buddy-agent-1.15.11.jar)
WARNING: If a serviceability tool is in use, please run with -XX:+EnableDynamicAgentLoading to hide this warning
WARNING: If a serviceability tool is not in use, please run with -Djdk.instrument.traceUsage for more information
WARNING: Dynamic loading of agents will be disallowed by default in a future release
]]></system-err>
</testsuite>
